{"E:\\Projects\\Lyospot\\index.js": {"path":"E:\\Projects\\Lyospot\\index.js","statementMap":{"0":{"start":{"line":1,"column":16},"end":{"line":1,"column":34}},"1":{"start":{"line":2,"column":12},"end":{"line":2,"column":32}},"2":{"start":{"line":3,"column":0},"end":{"line":3,"column":44}},"3":{"start":{"line":4,"column":0},"end":{"line":4,"column":32}},"4":{"start":{"line":5,"column":13},"end":{"line":5,"column":28}},"5":{"start":{"line":6,"column":17},"end":{"line":6,"column":36}},"6":{"start":{"line":7,"column":15},"end":{"line":7,"column":32}},"7":{"start":{"line":8,"column":14},"end":{"line":8,"column":43}},"8":{"start":{"line":9,"column":13},"end":{"line":9,"column":37}},"9":{"start":{"line":10,"column":14},"end":{"line":10,"column":39}},"10":{"start":{"line":11,"column":17},"end":{"line":11,"column":45}},"11":{"start":{"line":12,"column":17},"end":{"line":12,"column":45}},"12":{"start":{"line":13,"column":16},"end":{"line":13,"column":43}},"13":{"start":{"line":14,"column":14},"end":{"line":14,"column":39}},"14":{"start":{"line":15,"column":17},"end":{"line":15,"column":45}},"15":{"start":{"line":16,"column":20},"end":{"line":16,"column":51}},"16":{"start":{"line":18,"column":12},"end":{"line":18,"column":21}},"17":{"start":{"line":19,"column":0},"end":{"line":22,"column":48}},"18":{"start":{"line":21,"column":13},"end":{"line":21,"column":60}},"19":{"start":{"line":22,"column":14},"end":{"line":22,"column":46}},"20":{"start":{"line":24,"column":0},"end":{"line":24,"column":24}},"21":{"start":{"line":25,"column":0},"end":{"line":25,"column":16}},"22":{"start":{"line":26,"column":0},"end":{"line":26,"column":44}},"23":{"start":{"line":27,"column":0},"end":{"line":27,"column":27}},"24":{"start":{"line":28,"column":0},"end":{"line":28,"column":29}},"25":{"start":{"line":29,"column":0},"end":{"line":29,"column":37}},"26":{"start":{"line":30,"column":0},"end":{"line":30,"column":35}},"27":{"start":{"line":31,"column":0},"end":{"line":31,"column":34}},"28":{"start":{"line":32,"column":0},"end":{"line":32,"column":30}},"29":{"start":{"line":33,"column":0},"end":{"line":33,"column":36}},"30":{"start":{"line":34,"column":0},"end":{"line":34,"column":42}},"31":{"start":{"line":36,"column":0},"end":{"line":36,"column":15}},"32":{"start":{"line":37,"column":0},"end":{"line":39,"column":3}},"33":{"start":{"line":38,"column":2},"end":{"line":38,"column":26}},"34":{"start":{"line":40,"column":13},"end":{"line":40,"column":37}},"35":{"start":{"line":41,"column":15},"end":{"line":43,"column":1}},"36":{"start":{"line":42,"column":2},"end":{"line":42,"column":46}},"37":{"start":{"line":45,"column":0},"end":{"line":45,"column":24}}},"fnMap":{"0":{"name":"(anonymous_0)","decl":{"start":{"line":21,"column":8},"end":{"line":21,"column":9}},"loc":{"start":{"line":21,"column":13},"end":{"line":21,"column":60}},"line":21},"1":{"name":"(anonymous_1)","decl":{"start":{"line":22,"column":9},"end":{"line":22,"column":10}},"loc":{"start":{"line":22,"column":14},"end":{"line":22,"column":46}},"line":22},"2":{"name":"(anonymous_2)","decl":{"start":{"line":37,"column":13},"end":{"line":37,"column":14}},"loc":{"start":{"line":37,"column":27},"end":{"line":39,"column":1}},"line":37},"3":{"name":"(anonymous_3)","decl":{"start":{"line":41,"column":32},"end":{"line":41,"column":33}},"loc":{"start":{"line":42,"column":2},"end":{"line":42,"column":46}},"line":42}},"branchMap":{"0":{"loc":{"start":{"line":40,"column":13},"end":{"line":40,"column":37}},"type":"binary-expr","locations":[{"start":{"line":40,"column":13},"end":{"line":40,"column":29}},{"start":{"line":40,"column":33},"end":{"line":40,"column":37}}],"line":40}},"s":{"0":8,"1":8,"2":8,"3":8,"4":8,"5":8,"6":8,"7":8,"8":8,"9":8,"10":8,"11":8,"12":8,"13":8,"14":8,"15":8,"16":8,"17":8,"18":8,"19":0,"20":8,"21":8,"22":8,"23":8,"24":8,"25":8,"26":8,"27":8,"28":8,"29":8,"30":8,"31":8,"32":8,"33":0,"34":8,"35":8,"36":8,"37":8},"f":{"0":8,"1":0,"2":0,"3":8},"b":{"0":[8,8]},"_coverageSchema":"1a1c01bbd47fc00a2c39e90264f33305004495a9","hash":"058d50215e278ed2d130786e9517176d631ad1e7"}
,"E:\\Projects\\Lyospot\\middleware\\admin.js": {"path":"E:\\Projects\\Lyospot\\middleware\\admin.js","statementMap":{"0":{"start":{"line":1,"column":0},"end":{"line":4,"column":2}},"1":{"start":{"line":2,"column":2},"end":{"line":2,"column":70}},"2":{"start":{"line":2,"column":25},"end":{"line":2,"column":70}},"3":{"start":{"line":3,"column":2},"end":{"line":3,"column":9}}},"fnMap":{"0":{"name":"(anonymous_0)","decl":{"start":{"line":1,"column":17},"end":{"line":1,"column":18}},"loc":{"start":{"line":1,"column":37},"end":{"line":4,"column":1}},"line":1}},"branchMap":{"0":{"loc":{"start":{"line":2,"column":2},"end":{"line":2,"column":70}},"type":"if","locations":[{"start":{"line":2,"column":2},"end":{"line":2,"column":70}},{"start":{"line":2,"column":2},"end":{"line":2,"column":70}}],"line":2}},"s":{"0":8,"1":14,"2":5,"3":9},"f":{"0":14},"b":{"0":[5,9]},"_coverageSchema":"1a1c01bbd47fc00a2c39e90264f33305004495a9","hash":"5ee85a266393db5175f9e22038fab357347bd852"}
,"E:\\Projects\\Lyospot\\middleware\\auth.js": {"path":"E:\\Projects\\Lyospot\\middleware\\auth.js","statementMap":{"0":{"start":{"line":1,"column":12},"end":{"line":1,"column":35}},"1":{"start":{"line":2,"column":15},"end":{"line":2,"column":32}},"2":{"start":{"line":4,"column":0},"end":{"line":14,"column":2}},"3":{"start":{"line":5,"column":14},"end":{"line":5,"column":40}},"4":{"start":{"line":6,"column":2},"end":{"line":6,"column":58}},"5":{"start":{"line":6,"column":14},"end":{"line":6,"column":58}},"6":{"start":{"line":7,"column":2},"end":{"line":13,"column":3}},"7":{"start":{"line":8,"column":4},"end":{"line":8,"column":55}},"8":{"start":{"line":9,"column":4},"end":{"line":9,"column":21}},"9":{"start":{"line":10,"column":4},"end":{"line":10,"column":11}},"10":{"start":{"line":12,"column":4},"end":{"line":12,"column":42}}},"fnMap":{"0":{"name":"(anonymous_0)","decl":{"start":{"line":4,"column":17},"end":{"line":4,"column":18}},"loc":{"start":{"line":4,"column":37},"end":{"line":14,"column":1}},"line":4}},"branchMap":{"0":{"loc":{"start":{"line":6,"column":2},"end":{"line":6,"column":58}},"type":"if","locations":[{"start":{"line":6,"column":2},"end":{"line":6,"column":58}},{"start":{"line":6,"column":2},"end":{"line":6,"column":58}}],"line":6}},"s":{"0":8,"1":8,"2":8,"3":115,"4":115,"5":29,"6":86,"7":86,"8":85,"9":85,"10":1},"f":{"0":115},"b":{"0":[29,86]},"_coverageSchema":"1a1c01bbd47fc00a2c39e90264f33305004495a9","hash":"caa145b22db509e209c85afe0efc687ba241d002"}
,"E:\\Projects\\Lyospot\\middleware\\error.js": {"path":"E:\\Projects\\Lyospot\\middleware\\error.js","statementMap":{"0":{"start":{"line":1,"column":0},"end":{"line":4,"column":2}},"1":{"start":{"line":2,"column":2},"end":{"line":2,"column":48}},"2":{"start":{"line":3,"column":2},"end":{"line":3,"column":19}}},"fnMap":{"0":{"name":"(anonymous_0)","decl":{"start":{"line":1,"column":17},"end":{"line":1,"column":18}},"loc":{"start":{"line":1,"column":42},"end":{"line":4,"column":1}},"line":1}},"branchMap":{},"s":{"0":8,"1":1,"2":0},"f":{"0":1},"b":{},"_coverageSchema":"1a1c01bbd47fc00a2c39e90264f33305004495a9","hash":"ecc76a210cef9cca7c1fb68e0784c3284ccd2bfb"}
,"E:\\Projects\\Lyospot\\middleware\\validatebody.js": {"path":"E:\\Projects\\Lyospot\\middleware\\validatebody.js","statementMap":{"0":{"start":{"line":1,"column":0},"end":{"line":8,"column":2}},"1":{"start":{"line":2,"column":2},"end":{"line":7,"column":4}},"2":{"start":{"line":3,"column":22},"end":{"line":3,"column":41}},"3":{"start":{"line":4,"column":4},"end":{"line":4,"column":69}},"4":{"start":{"line":4,"column":15},"end":{"line":4,"column":69}},"5":{"start":{"line":6,"column":4},"end":{"line":6,"column":11}}},"fnMap":{"0":{"name":"(anonymous_0)","decl":{"start":{"line":1,"column":17},"end":{"line":1,"column":18}},"loc":{"start":{"line":1,"column":30},"end":{"line":8,"column":1}},"line":1},"1":{"name":"(anonymous_1)","decl":{"start":{"line":2,"column":9},"end":{"line":2,"column":10}},"loc":{"start":{"line":2,"column":29},"end":{"line":7,"column":3}},"line":2}},"branchMap":{"0":{"loc":{"start":{"line":4,"column":4},"end":{"line":4,"column":69}},"type":"if","locations":[{"start":{"line":4,"column":4},"end":{"line":4,"column":69}},{"start":{"line":4,"column":4},"end":{"line":4,"column":69}}],"line":4}},"s":{"0":8,"1":120,"2":50,"3":50,"4":17,"5":33},"f":{"0":120,"1":50},"b":{"0":[17,33]},"_coverageSchema":"1a1c01bbd47fc00a2c39e90264f33305004495a9","hash":"bac0307b5659a5ee6d3b6d00b3e497266e9d74be"}
,"E:\\Projects\\Lyospot\\middleware\\validateid.js": {"path":"E:\\Projects\\Lyospot\\middleware\\validateid.js","statementMap":{"0":{"start":{"line":1,"column":17},"end":{"line":1,"column":36}},"1":{"start":{"line":3,"column":0},"end":{"line":7,"column":2}},"2":{"start":{"line":4,"column":2},"end":{"line":5,"column":46}},"3":{"start":{"line":5,"column":4},"end":{"line":5,"column":46}},"4":{"start":{"line":6,"column":2},"end":{"line":6,"column":9}}},"fnMap":{"0":{"name":"(anonymous_0)","decl":{"start":{"line":3,"column":17},"end":{"line":3,"column":18}},"loc":{"start":{"line":3,"column":37},"end":{"line":7,"column":1}},"line":3}},"branchMap":{"0":{"loc":{"start":{"line":4,"column":2},"end":{"line":5,"column":46}},"type":"if","locations":[{"start":{"line":4,"column":2},"end":{"line":5,"column":46}},{"start":{"line":4,"column":2},"end":{"line":5,"column":46}}],"line":4}},"s":{"0":8,"1":8,"2":81,"3":24,"4":57},"f":{"0":81},"b":{"0":[24,57]},"_coverageSchema":"1a1c01bbd47fc00a2c39e90264f33305004495a9","hash":"f7cbd20cc05362c9e6dde433be364252af4cf6b2"}
,"E:\\Projects\\Lyospot\\middleware\\validateuploads.js": {"path":"E:\\Projects\\Lyospot\\middleware\\validateuploads.js","statementMap":{"0":{"start":{"line":1,"column":0},"end":{"line":8,"column":2}},"1":{"start":{"line":2,"column":2},"end":{"line":7,"column":4}},"2":{"start":{"line":3,"column":4},"end":{"line":6,"column":7}},"3":{"start":{"line":4,"column":6},"end":{"line":4,"column":48}},"4":{"start":{"line":4,"column":15},"end":{"line":4,"column":48}},"5":{"start":{"line":5,"column":6},"end":{"line":5,"column":13}}},"fnMap":{"0":{"name":"(anonymous_0)","decl":{"start":{"line":1,"column":17},"end":{"line":1,"column":18}},"loc":{"start":{"line":1,"column":30},"end":{"line":8,"column":1}},"line":1},"1":{"name":"(anonymous_1)","decl":{"start":{"line":2,"column":9},"end":{"line":2,"column":10}},"loc":{"start":{"line":2,"column":29},"end":{"line":7,"column":3}},"line":2},"2":{"name":"(anonymous_2)","decl":{"start":{"line":3,"column":24},"end":{"line":3,"column":25}},"loc":{"start":{"line":3,"column":31},"end":{"line":6,"column":5}},"line":3}},"branchMap":{"0":{"loc":{"start":{"line":4,"column":6},"end":{"line":4,"column":48}},"type":"if","locations":[{"start":{"line":4,"column":6},"end":{"line":4,"column":48}},{"start":{"line":4,"column":6},"end":{"line":4,"column":48}}],"line":4}},"s":{"0":8,"1":24,"2":10,"3":10,"4":0,"5":10},"f":{"0":24,"1":10,"2":10},"b":{"0":[0,10]},"_coverageSchema":"1a1c01bbd47fc00a2c39e90264f33305004495a9","hash":"594c6282c4738b2a4bb55ee4c0f4990ffdb6f6b3"}
,"E:\\Projects\\Lyospot\\model\\category.js": {"path":"E:\\Projects\\Lyospot\\model\\category.js","statementMap":{"0":{"start":{"line":1,"column":17},"end":{"line":1,"column":36}},"1":{"start":{"line":2,"column":12},"end":{"line":2,"column":32}},"2":{"start":{"line":4,"column":23},"end":{"line":6,"column":2}},"3":{"start":{"line":8,"column":17},"end":{"line":8,"column":59}},"4":{"start":{"line":11,"column":17},"end":{"line":13,"column":4}},"5":{"start":{"line":14,"column":2},"end":{"line":14,"column":31}},"6":{"start":{"line":17,"column":0},"end":{"line":17,"column":35}},"7":{"start":{"line":18,"column":0},"end":{"line":18,"column":35}}},"fnMap":{"0":{"name":"validate","decl":{"start":{"line":10,"column":9},"end":{"line":10,"column":17}},"loc":{"start":{"line":10,"column":24},"end":{"line":15,"column":1}},"line":10}},"branchMap":{},"s":{"0":8,"1":8,"2":8,"3":8,"4":5,"5":5,"6":8,"7":8},"f":{"0":5},"b":{},"_coverageSchema":"1a1c01bbd47fc00a2c39e90264f33305004495a9","hash":"3943bfe9d4f75138630ebb87b2b16b223e4495bf"}
,"E:\\Projects\\Lyospot\\model\\order.js": {"path":"E:\\Projects\\Lyospot\\model\\order.js","statementMap":{"0":{"start":{"line":1,"column":17},"end":{"line":1,"column":36}},"1":{"start":{"line":2,"column":12},"end":{"line":2,"column":32}},"2":{"start":{"line":4,"column":20},"end":{"line":44,"column":2}},"3":{"start":{"line":46,"column":14},"end":{"line":46,"column":50}},"4":{"start":{"line":49,"column":17},"end":{"line":56,"column":4}},"5":{"start":{"line":57,"column":2},"end":{"line":57,"column":31}},"6":{"start":{"line":60,"column":0},"end":{"line":60,"column":29}},"7":{"start":{"line":61,"column":0},"end":{"line":61,"column":35}}},"fnMap":{"0":{"name":"validate","decl":{"start":{"line":48,"column":9},"end":{"line":48,"column":17}},"loc":{"start":{"line":48,"column":24},"end":{"line":58,"column":1}},"line":48}},"branchMap":{},"s":{"0":8,"1":8,"2":8,"3":8,"4":3,"5":3,"6":8,"7":8},"f":{"0":3},"b":{},"_coverageSchema":"1a1c01bbd47fc00a2c39e90264f33305004495a9","hash":"e50cfa81c9231bcd423a5749a2162dc993786127"}
,"E:\\Projects\\Lyospot\\model\\product.js": {"path":"E:\\Projects\\Lyospot\\model\\product.js","statementMap":{"0":{"start":{"line":1,"column":17},"end":{"line":1,"column":36}},"1":{"start":{"line":2,"column":12},"end":{"line":2,"column":32}},"2":{"start":{"line":3,"column":15},"end":{"line":3,"column":32}},"3":{"start":{"line":4,"column":13},"end":{"line":4,"column":28}},"4":{"start":{"line":6,"column":16},"end":{"line":11,"column":2}},"5":{"start":{"line":9,"column":4},"end":{"line":9,"column":32}},"6":{"start":{"line":14,"column":19},"end":{"line":14,"column":42}},"7":{"start":{"line":15,"column":15},"end":{"line":15,"column":75}},"8":{"start":{"line":16,"column":2},"end":{"line":17,"column":38}},"9":{"start":{"line":16,"column":12},"end":{"line":16,"column":27}},"10":{"start":{"line":17,"column":7},"end":{"line":17,"column":38}},"11":{"start":{"line":19,"column":15},"end":{"line":29,"column":2}},"12":{"start":{"line":22,"column":4},"end":{"line":22,"column":29}},"13":{"start":{"line":31,"column":22},"end":{"line":58,"column":2}},"14":{"start":{"line":60,"column":16},"end":{"line":60,"column":56}},"15":{"start":{"line":63,"column":17},"end":{"line":75,"column":4}},"16":{"start":{"line":76,"column":2},"end":{"line":76,"column":31}},"17":{"start":{"line":79,"column":0},"end":{"line":79,"column":33}},"18":{"start":{"line":80,"column":0},"end":{"line":80,"column":35}},"19":{"start":{"line":81,"column":0},"end":{"line":81,"column":31}}},"fnMap":{"0":{"name":"(anonymous_0)","decl":{"start":{"line":8,"column":12},"end":{"line":8,"column":13}},"loc":{"start":{"line":8,"column":31},"end":{"line":10,"column":3}},"line":8},"1":{"name":"checkFile","decl":{"start":{"line":13,"column":9},"end":{"line":13,"column":18}},"loc":{"start":{"line":13,"column":34},"end":{"line":18,"column":1}},"line":13},"2":{"name":"(anonymous_2)","decl":{"start":{"line":21,"column":14},"end":{"line":21,"column":15}},"loc":{"start":{"line":21,"column":33},"end":{"line":23,"column":3}},"line":21},"3":{"name":"validate","decl":{"start":{"line":62,"column":9},"end":{"line":62,"column":17}},"loc":{"start":{"line":62,"column":24},"end":{"line":77,"column":1}},"line":62}},"branchMap":{"0":{"loc":{"start":{"line":16,"column":2},"end":{"line":17,"column":38}},"type":"if","locations":[{"start":{"line":16,"column":2},"end":{"line":17,"column":38}},{"start":{"line":16,"column":2},"end":{"line":17,"column":38}}],"line":16}},"s":{"0":8,"1":8,"2":8,"3":8,"4":8,"5":0,"6":0,"7":0,"8":0,"9":0,"10":0,"11":8,"12":0,"13":8,"14":8,"15":11,"16":11,"17":8,"18":8,"19":8},"f":{"0":0,"1":0,"2":0,"3":11},"b":{"0":[0,0]},"_coverageSchema":"1a1c01bbd47fc00a2c39e90264f33305004495a9","hash":"cbdc0e0fac90884ed29e1604d1ed781073d50a6f"}
,"E:\\Projects\\Lyospot\\model\\rejectedOrder.js": {"path":"E:\\Projects\\Lyospot\\model\\rejectedOrder.js","statementMap":{"0":{"start":{"line":1,"column":17},"end":{"line":1,"column":36}},"1":{"start":{"line":3,"column":15},"end":{"line":42,"column":2}},"2":{"start":{"line":44,"column":17},"end":{"line":44,"column":49}},"3":{"start":{"line":46,"column":0},"end":{"line":46,"column":35}}},"fnMap":{},"branchMap":{},"s":{"0":8,"1":8,"2":8,"3":8},"f":{},"b":{},"_coverageSchema":"1a1c01bbd47fc00a2c39e90264f33305004495a9","hash":"4f074aed6df4693adbf207884161fcae1db81837"}
,"E:\\Projects\\Lyospot\\model\\shipping.js": {"path":"E:\\Projects\\Lyospot\\model\\shipping.js","statementMap":{"0":{"start":{"line":1,"column":17},"end":{"line":1,"column":36}},"1":{"start":{"line":2,"column":12},"end":{"line":2,"column":32}},"2":{"start":{"line":4,"column":23},"end":{"line":6,"column":2}},"3":{"start":{"line":8,"column":17},"end":{"line":8,"column":59}},"4":{"start":{"line":11,"column":17},"end":{"line":13,"column":4}},"5":{"start":{"line":14,"column":2},"end":{"line":14,"column":31}},"6":{"start":{"line":17,"column":0},"end":{"line":17,"column":35}},"7":{"start":{"line":18,"column":0},"end":{"line":18,"column":35}}},"fnMap":{"0":{"name":"validate","decl":{"start":{"line":10,"column":9},"end":{"line":10,"column":17}},"loc":{"start":{"line":10,"column":24},"end":{"line":15,"column":1}},"line":10}},"branchMap":{},"s":{"0":8,"1":8,"2":8,"3":8,"4":5,"5":5,"6":8,"7":8},"f":{"0":5},"b":{},"_coverageSchema":"1a1c01bbd47fc00a2c39e90264f33305004495a9","hash":"3e86b3719cf7bc4380546544face346bf8971dbb"}
,"E:\\Projects\\Lyospot\\model\\store.js": {"path":"E:\\Projects\\Lyospot\\model\\store.js","statementMap":{"0":{"start":{"line":1,"column":17},"end":{"line":1,"column":36}},"1":{"start":{"line":2,"column":12},"end":{"line":2,"column":32}},"2":{"start":{"line":3,"column":15},"end":{"line":3,"column":32}},"3":{"start":{"line":4,"column":13},"end":{"line":4,"column":28}},"4":{"start":{"line":6,"column":16},"end":{"line":11,"column":2}},"5":{"start":{"line":9,"column":4},"end":{"line":9,"column":32}},"6":{"start":{"line":14,"column":2},"end":{"line":14,"column":38}},"7":{"start":{"line":15,"column":15},"end":{"line":15,"column":76}},"8":{"start":{"line":16,"column":2},"end":{"line":17,"column":47}},"9":{"start":{"line":16,"column":12},"end":{"line":16,"column":27}},"10":{"start":{"line":17,"column":7},"end":{"line":17,"column":47}},"11":{"start":{"line":20,"column":15},"end":{"line":25,"column":20}},"12":{"start":{"line":23,"column":4},"end":{"line":23,"column":29}},"13":{"start":{"line":27,"column":20},"end":{"line":52,"column":2}},"14":{"start":{"line":54,"column":14},"end":{"line":54,"column":50}},"15":{"start":{"line":57,"column":17},"end":{"line":65,"column":4}},"16":{"start":{"line":66,"column":2},"end":{"line":66,"column":31}},"17":{"start":{"line":70,"column":17},"end":{"line":75,"column":4}},"18":{"start":{"line":76,"column":2},"end":{"line":76,"column":31}},"19":{"start":{"line":80,"column":17},"end":{"line":84,"column":4}},"20":{"start":{"line":85,"column":2},"end":{"line":85,"column":31}},"21":{"start":{"line":88,"column":0},"end":{"line":88,"column":29}},"22":{"start":{"line":89,"column":0},"end":{"line":89,"column":35}},"23":{"start":{"line":90,"column":0},"end":{"line":90,"column":31}},"24":{"start":{"line":91,"column":0},"end":{"line":91,"column":41}},"25":{"start":{"line":92,"column":0},"end":{"line":92,"column":41}}},"fnMap":{"0":{"name":"(anonymous_0)","decl":{"start":{"line":8,"column":12},"end":{"line":8,"column":13}},"loc":{"start":{"line":8,"column":31},"end":{"line":10,"column":3}},"line":8},"1":{"name":"checkFile","decl":{"start":{"line":13,"column":9},"end":{"line":13,"column":18}},"loc":{"start":{"line":13,"column":34},"end":{"line":18,"column":1}},"line":13},"2":{"name":"(anonymous_2)","decl":{"start":{"line":22,"column":14},"end":{"line":22,"column":15}},"loc":{"start":{"line":22,"column":33},"end":{"line":24,"column":3}},"line":22},"3":{"name":"validate","decl":{"start":{"line":56,"column":9},"end":{"line":56,"column":17}},"loc":{"start":{"line":56,"column":24},"end":{"line":67,"column":1}},"line":56},"4":{"name":"validateFollows","decl":{"start":{"line":69,"column":9},"end":{"line":69,"column":24}},"loc":{"start":{"line":69,"column":31},"end":{"line":77,"column":1}},"line":69},"5":{"name":"validateProfile","decl":{"start":{"line":79,"column":9},"end":{"line":79,"column":24}},"loc":{"start":{"line":79,"column":31},"end":{"line":86,"column":1}},"line":79}},"branchMap":{"0":{"loc":{"start":{"line":16,"column":2},"end":{"line":17,"column":47}},"type":"if","locations":[{"start":{"line":16,"column":2},"end":{"line":17,"column":47}},{"start":{"line":16,"column":2},"end":{"line":17,"column":47}}],"line":16}},"s":{"0":8,"1":8,"2":8,"3":8,"4":8,"5":0,"6":0,"7":0,"8":0,"9":0,"10":0,"11":8,"12":0,"13":8,"14":8,"15":7,"16":7,"17":4,"18":4,"19":3,"20":3,"21":8,"22":8,"23":8,"24":8,"25":8},"f":{"0":0,"1":0,"2":0,"3":7,"4":4,"5":3},"b":{"0":[0,0]},"_coverageSchema":"1a1c01bbd47fc00a2c39e90264f33305004495a9","hash":"3746e95575c756890e72f478d83aa3bc92397340"}
,"E:\\Projects\\Lyospot\\model\\testimonial.js": {"path":"E:\\Projects\\Lyospot\\model\\testimonial.js","statementMap":{"0":{"start":{"line":1,"column":17},"end":{"line":1,"column":36}},"1":{"start":{"line":2,"column":12},"end":{"line":2,"column":32}},"2":{"start":{"line":4,"column":26},"end":{"line":13,"column":2}},"3":{"start":{"line":15,"column":20},"end":{"line":15,"column":68}},"4":{"start":{"line":18,"column":17},"end":{"line":25,"column":4}},"5":{"start":{"line":26,"column":2},"end":{"line":26,"column":31}},"6":{"start":{"line":29,"column":0},"end":{"line":29,"column":41}},"7":{"start":{"line":30,"column":0},"end":{"line":30,"column":35}}},"fnMap":{"0":{"name":"validate","decl":{"start":{"line":17,"column":9},"end":{"line":17,"column":17}},"loc":{"start":{"line":17,"column":24},"end":{"line":27,"column":1}},"line":17}},"branchMap":{},"s":{"0":8,"1":8,"2":8,"3":8,"4":3,"5":3,"6":8,"7":8},"f":{"0":3},"b":{},"_coverageSchema":"1a1c01bbd47fc00a2c39e90264f33305004495a9","hash":"0caa8b6a6668713361c86414f2a25d740a003a6e"}
,"E:\\Projects\\Lyospot\\model\\user.js": {"path":"E:\\Projects\\Lyospot\\model\\user.js","statementMap":{"0":{"start":{"line":1,"column":17},"end":{"line":1,"column":36}},"1":{"start":{"line":2,"column":12},"end":{"line":2,"column":32}},"2":{"start":{"line":3,"column":15},"end":{"line":3,"column":32}},"3":{"start":{"line":4,"column":12},"end":{"line":4,"column":35}},"4":{"start":{"line":5,"column":15},"end":{"line":5,"column":32}},"5":{"start":{"line":6,"column":13},"end":{"line":6,"column":28}},"6":{"start":{"line":8,"column":16},"end":{"line":13,"column":2}},"7":{"start":{"line":11,"column":4},"end":{"line":11,"column":32}},"8":{"start":{"line":16,"column":2},"end":{"line":16,"column":38}},"9":{"start":{"line":17,"column":15},"end":{"line":17,"column":76}},"10":{"start":{"line":18,"column":2},"end":{"line":19,"column":47}},"11":{"start":{"line":18,"column":12},"end":{"line":18,"column":27}},"12":{"start":{"line":19,"column":7},"end":{"line":19,"column":47}},"13":{"start":{"line":22,"column":15},"end":{"line":27,"column":20}},"14":{"start":{"line":25,"column":4},"end":{"line":25,"column":29}},"15":{"start":{"line":29,"column":19},"end":{"line":42,"column":2}},"16":{"start":{"line":44,"column":0},"end":{"line":56,"column":2}},"17":{"start":{"line":45,"column":2},"end":{"line":55,"column":4}},"18":{"start":{"line":58,"column":13},"end":{"line":58,"column":47}},"19":{"start":{"line":61,"column":17},"end":{"line":76,"column":4}},"20":{"start":{"line":77,"column":2},"end":{"line":77,"column":31}},"21":{"start":{"line":81,"column":17},"end":{"line":86,"column":4}},"22":{"start":{"line":87,"column":2},"end":{"line":87,"column":31}},"23":{"start":{"line":91,"column":17},"end":{"line":96,"column":4}},"24":{"start":{"line":97,"column":2},"end":{"line":97,"column":31}},"25":{"start":{"line":100,"column":0},"end":{"line":100,"column":27}},"26":{"start":{"line":101,"column":0},"end":{"line":101,"column":35}},"27":{"start":{"line":102,"column":0},"end":{"line":102,"column":31}},"28":{"start":{"line":103,"column":0},"end":{"line":103,"column":37}},"29":{"start":{"line":104,"column":0},"end":{"line":104,"column":41}}},"fnMap":{"0":{"name":"(anonymous_0)","decl":{"start":{"line":10,"column":12},"end":{"line":10,"column":13}},"loc":{"start":{"line":10,"column":31},"end":{"line":12,"column":3}},"line":10},"1":{"name":"checkFile","decl":{"start":{"line":15,"column":9},"end":{"line":15,"column":18}},"loc":{"start":{"line":15,"column":34},"end":{"line":20,"column":1}},"line":15},"2":{"name":"(anonymous_2)","decl":{"start":{"line":24,"column":14},"end":{"line":24,"column":15}},"loc":{"start":{"line":24,"column":33},"end":{"line":26,"column":3}},"line":24},"3":{"name":"(anonymous_3)","decl":{"start":{"line":44,"column":34},"end":{"line":44,"column":35}},"loc":{"start":{"line":44,"column":45},"end":{"line":56,"column":1}},"line":44},"4":{"name":"validate","decl":{"start":{"line":60,"column":9},"end":{"line":60,"column":17}},"loc":{"start":{"line":60,"column":24},"end":{"line":78,"column":1}},"line":60},"5":{"name":"validateLogin","decl":{"start":{"line":80,"column":9},"end":{"line":80,"column":22}},"loc":{"start":{"line":80,"column":29},"end":{"line":88,"column":1}},"line":80},"6":{"name":"validateConfirm","decl":{"start":{"line":90,"column":9},"end":{"line":90,"column":24}},"loc":{"start":{"line":90,"column":31},"end":{"line":98,"column":1}},"line":90}},"branchMap":{"0":{"loc":{"start":{"line":18,"column":2},"end":{"line":19,"column":47}},"type":"if","locations":[{"start":{"line":18,"column":2},"end":{"line":19,"column":47}},{"start":{"line":18,"column":2},"end":{"line":19,"column":47}}],"line":18}},"s":{"0":8,"1":8,"2":8,"3":8,"4":8,"5":8,"6":8,"7":0,"8":0,"9":0,"10":0,"11":0,"12":0,"13":8,"14":0,"15":8,"16":8,"17":159,"18":8,"19":3,"20":3,"21":5,"22":5,"23":1,"24":1,"25":8,"26":8,"27":8,"28":8,"29":8},"f":{"0":0,"1":0,"2":0,"3":159,"4":3,"5":5,"6":1},"b":{"0":[0,0]},"_coverageSchema":"1a1c01bbd47fc00a2c39e90264f33305004495a9","hash":"820c2b41615a5d3cc1bd2ed19b7d79007746ae4c"}
,"E:\\Projects\\Lyospot\\model\\wishlist.js": {"path":"E:\\Projects\\Lyospot\\model\\wishlist.js","statementMap":{"0":{"start":{"line":1,"column":17},"end":{"line":1,"column":36}},"1":{"start":{"line":2,"column":12},"end":{"line":2,"column":32}},"2":{"start":{"line":4,"column":23},"end":{"line":39,"column":2}},"3":{"start":{"line":41,"column":17},"end":{"line":41,"column":59}},"4":{"start":{"line":43,"column":0},"end":{"line":43,"column":35}}},"fnMap":{},"branchMap":{},"s":{"0":8,"1":8,"2":8,"3":8,"4":8},"f":{},"b":{},"_coverageSchema":"1a1c01bbd47fc00a2c39e90264f33305004495a9","hash":"f04d480505bbb9d66ad08ad1ab40a23dd29be190"}
,"E:\\Projects\\Lyospot\\routes\\category.js": {"path":"E:\\Projects\\Lyospot\\routes\\category.js","statementMap":{"0":{"start":{"line":1,"column":16},"end":{"line":1,"column":34}},"1":{"start":{"line":2,"column":31},"end":{"line":2,"column":59}},"2":{"start":{"line":3,"column":19},"end":{"line":3,"column":54}},"3":{"start":{"line":4,"column":21},"end":{"line":4,"column":58}},"4":{"start":{"line":6,"column":15},"end":{"line":6,"column":31}},"5":{"start":{"line":8,"column":0},"end":{"line":11,"column":3}},"6":{"start":{"line":9,"column":21},"end":{"line":9,"column":42}},"7":{"start":{"line":10,"column":2},"end":{"line":10,"column":23}},"8":{"start":{"line":13,"column":0},"end":{"line":18,"column":3}},"9":{"start":{"line":14,"column":19},"end":{"line":14,"column":57}},"10":{"start":{"line":15,"column":2},"end":{"line":15,"column":71}},"11":{"start":{"line":15,"column":17},"end":{"line":15,"column":71}},"12":{"start":{"line":17,"column":2},"end":{"line":17,"column":21}},"13":{"start":{"line":20,"column":0},"end":{"line":24,"column":3}},"14":{"start":{"line":21,"column":19},"end":{"line":21,"column":58}},"15":{"start":{"line":22,"column":2},"end":{"line":22,"column":24}},"16":{"start":{"line":23,"column":2},"end":{"line":23,"column":21}},"17":{"start":{"line":26,"column":0},"end":{"line":33,"column":3}},"18":{"start":{"line":27,"column":19},"end":{"line":27,"column":57}},"19":{"start":{"line":28,"column":2},"end":{"line":28,"column":69}},"20":{"start":{"line":28,"column":17},"end":{"line":28,"column":69}},"21":{"start":{"line":30,"column":2},"end":{"line":30,"column":34}},"22":{"start":{"line":31,"column":2},"end":{"line":31,"column":24}},"23":{"start":{"line":32,"column":2},"end":{"line":32,"column":21}},"24":{"start":{"line":35,"column":0},"end":{"line":41,"column":3}},"25":{"start":{"line":36,"column":19},"end":{"line":36,"column":57}},"26":{"start":{"line":37,"column":2},"end":{"line":37,"column":71}},"27":{"start":{"line":37,"column":17},"end":{"line":37,"column":71}},"28":{"start":{"line":39,"column":17},"end":{"line":39,"column":65}},"29":{"start":{"line":40,"column":2},"end":{"line":40,"column":19}},"30":{"start":{"line":42,"column":0},"end":{"line":42,"column":24}}},"fnMap":{"0":{"name":"(anonymous_0)","decl":{"start":{"line":8,"column":16},"end":{"line":8,"column":17}},"loc":{"start":{"line":8,"column":36},"end":{"line":11,"column":1}},"line":8},"1":{"name":"(anonymous_1)","decl":{"start":{"line":13,"column":31},"end":{"line":13,"column":32}},"loc":{"start":{"line":13,"column":51},"end":{"line":18,"column":1}},"line":13},"2":{"name":"(anonymous_2)","decl":{"start":{"line":20,"column":41},"end":{"line":20,"column":42}},"loc":{"start":{"line":20,"column":61},"end":{"line":24,"column":1}},"line":20},"3":{"name":"(anonymous_3)","decl":{"start":{"line":26,"column":55},"end":{"line":26,"column":56}},"loc":{"start":{"line":26,"column":75},"end":{"line":33,"column":1}},"line":26},"4":{"name":"(anonymous_4)","decl":{"start":{"line":35,"column":34},"end":{"line":35,"column":35}},"loc":{"start":{"line":35,"column":54},"end":{"line":41,"column":1}},"line":35}},"branchMap":{"0":{"loc":{"start":{"line":15,"column":2},"end":{"line":15,"column":71}},"type":"if","locations":[{"start":{"line":15,"column":2},"end":{"line":15,"column":71}},{"start":{"line":15,"column":2},"end":{"line":15,"column":71}}],"line":15},"1":{"loc":{"start":{"line":28,"column":2},"end":{"line":28,"column":69}},"type":"if","locations":[{"start":{"line":28,"column":2},"end":{"line":28,"column":69}},{"start":{"line":28,"column":2},"end":{"line":28,"column":69}}],"line":28},"2":{"loc":{"start":{"line":37,"column":2},"end":{"line":37,"column":71}},"type":"if","locations":[{"start":{"line":37,"column":2},"end":{"line":37,"column":71}},{"start":{"line":37,"column":2},"end":{"line":37,"column":71}}],"line":37}},"s":{"0":8,"1":8,"2":8,"3":8,"4":8,"5":8,"6":1,"7":1,"8":8,"9":2,"10":2,"11":1,"12":1,"13":8,"14":1,"15":1,"16":1,"17":8,"18":2,"19":2,"20":1,"21":1,"22":1,"23":1,"24":8,"25":2,"26":2,"27":1,"28":1,"29":1,"30":8},"f":{"0":1,"1":2,"2":1,"3":2,"4":2},"b":{"0":[1,1],"1":[1,1],"2":[1,1]},"_coverageSchema":"1a1c01bbd47fc00a2c39e90264f33305004495a9","hash":"13eeec7236a703b6356a96a7629d3a3ee2bf16b0"}
,"E:\\Projects\\Lyospot\\routes\\order.js": {"path":"E:\\Projects\\Lyospot\\routes\\order.js","statementMap":{"0":{"start":{"line":1,"column":16},"end":{"line":1,"column":34}},"1":{"start":{"line":2,"column":28},"end":{"line":2,"column":53}},"2":{"start":{"line":3,"column":21},"end":{"line":3,"column":54}},"3":{"start":{"line":4,"column":17},"end":{"line":4,"column":41}},"4":{"start":{"line":5,"column":13},"end":{"line":5,"column":42}},"5":{"start":{"line":6,"column":21},"end":{"line":6,"column":58}},"6":{"start":{"line":7,"column":19},"end":{"line":7,"column":54}},"7":{"start":{"line":9,"column":15},"end":{"line":9,"column":31}},"8":{"start":{"line":11,"column":0},"end":{"line":14,"column":3}},"9":{"start":{"line":12,"column":17},"end":{"line":12,"column":35}},"10":{"start":{"line":13,"column":2},"end":{"line":13,"column":19}},"11":{"start":{"line":16,"column":0},"end":{"line":21,"column":3}},"12":{"start":{"line":17,"column":16},"end":{"line":17,"column":51}},"13":{"start":{"line":18,"column":2},"end":{"line":18,"column":65}},"14":{"start":{"line":18,"column":14},"end":{"line":18,"column":65}},"15":{"start":{"line":20,"column":2},"end":{"line":20,"column":18}},"16":{"start":{"line":23,"column":0},"end":{"line":26,"column":3}},"17":{"start":{"line":24,"column":18},"end":{"line":24,"column":39}},"18":{"start":{"line":25,"column":2},"end":{"line":25,"column":20}},"19":{"start":{"line":28,"column":0},"end":{"line":33,"column":4}},"20":{"start":{"line":29,"column":17},"end":{"line":29,"column":55}},"21":{"start":{"line":30,"column":2},"end":{"line":30,"column":75}},"22":{"start":{"line":30,"column":15},"end":{"line":30,"column":75}},"23":{"start":{"line":32,"column":2},"end":{"line":32,"column":19}},"24":{"start":{"line":35,"column":0},"end":{"line":54,"column":3}},"25":{"start":{"line":37,"column":52},"end":{"line":37,"column":60}},"26":{"start":{"line":38,"column":15},"end":{"line":38,"column":53}},"27":{"start":{"line":39,"column":2},"end":{"line":39,"column":63}},"28":{"start":{"line":39,"column":13},"end":{"line":39,"column":63}},"29":{"start":{"line":41,"column":2},"end":{"line":52,"column":3}},"30":{"start":{"line":41,"column":15},"end":{"line":41,"column":16}},"31":{"start":{"line":42,"column":4},"end":{"line":50,"column":7}},"32":{"start":{"line":51,"column":4},"end":{"line":51,"column":23}},"33":{"start":{"line":53,"column":2},"end":{"line":53,"column":18}},"34":{"start":{"line":56,"column":0},"end":{"line":69,"column":3}},"35":{"start":{"line":57,"column":16},"end":{"line":57,"column":51}},"36":{"start":{"line":58,"column":2},"end":{"line":58,"column":65}},"37":{"start":{"line":58,"column":14},"end":{"line":58,"column":65}},"38":{"start":{"line":60,"column":17},"end":{"line":65,"column":4}},"39":{"start":{"line":66,"column":2},"end":{"line":66,"column":22}},"40":{"start":{"line":67,"column":17},"end":{"line":67,"column":62}},"41":{"start":{"line":68,"column":2},"end":{"line":68,"column":19}},"42":{"start":{"line":71,"column":0},"end":{"line":71,"column":24}}},"fnMap":{"0":{"name":"(anonymous_0)","decl":{"start":{"line":11,"column":22},"end":{"line":11,"column":23}},"loc":{"start":{"line":11,"column":42},"end":{"line":14,"column":1}},"line":11},"1":{"name":"(anonymous_1)","decl":{"start":{"line":16,"column":39},"end":{"line":16,"column":40}},"loc":{"start":{"line":16,"column":59},"end":{"line":21,"column":1}},"line":16},"2":{"name":"(anonymous_2)","decl":{"start":{"line":23,"column":37},"end":{"line":23,"column":38}},"loc":{"start":{"line":23,"column":57},"end":{"line":26,"column":1}},"line":23},"3":{"name":"(anonymous_3)","decl":{"start":{"line":28,"column":55},"end":{"line":28,"column":56}},"loc":{"start":{"line":28,"column":75},"end":{"line":33,"column":2}},"line":28},"4":{"name":"(anonymous_4)","decl":{"start":{"line":35,"column":49},"end":{"line":35,"column":50}},"loc":{"start":{"line":35,"column":69},"end":{"line":54,"column":1}},"line":35},"5":{"name":"(anonymous_5)","decl":{"start":{"line":56,"column":42},"end":{"line":56,"column":43}},"loc":{"start":{"line":56,"column":62},"end":{"line":69,"column":1}},"line":56}},"branchMap":{"0":{"loc":{"start":{"line":18,"column":2},"end":{"line":18,"column":65}},"type":"if","locations":[{"start":{"line":18,"column":2},"end":{"line":18,"column":65}},{"start":{"line":18,"column":2},"end":{"line":18,"column":65}}],"line":18},"1":{"loc":{"start":{"line":30,"column":2},"end":{"line":30,"column":75}},"type":"if","locations":[{"start":{"line":30,"column":2},"end":{"line":30,"column":75}},{"start":{"line":30,"column":2},"end":{"line":30,"column":75}}],"line":30},"2":{"loc":{"start":{"line":39,"column":2},"end":{"line":39,"column":63}},"type":"if","locations":[{"start":{"line":39,"column":2},"end":{"line":39,"column":63}},{"start":{"line":39,"column":2},"end":{"line":39,"column":63}}],"line":39},"3":{"loc":{"start":{"line":58,"column":2},"end":{"line":58,"column":65}},"type":"if","locations":[{"start":{"line":58,"column":2},"end":{"line":58,"column":65}},{"start":{"line":58,"column":2},"end":{"line":58,"column":65}}],"line":58}},"s":{"0":8,"1":8,"2":8,"3":8,"4":8,"5":8,"6":8,"7":8,"8":8,"9":1,"10":1,"11":8,"12":2,"13":2,"14":1,"15":1,"16":8,"17":1,"18":1,"19":8,"20":2,"21":2,"22":1,"23":2,"24":8,"25":2,"26":2,"27":2,"28":1,"29":1,"30":1,"31":2,"32":2,"33":1,"34":8,"35":2,"36":2,"37":1,"38":1,"39":1,"40":1,"41":1,"42":8},"f":{"0":1,"1":2,"2":1,"3":2,"4":2,"5":2},"b":{"0":[1,1],"1":[1,1],"2":[1,1],"3":[1,1]},"_coverageSchema":"1a1c01bbd47fc00a2c39e90264f33305004495a9","hash":"dab34c48b3d663f4f69d4493765704a4d950648f"}
,"E:\\Projects\\Lyospot\\routes\\product.js": {"path":"E:\\Projects\\Lyospot\\routes\\product.js","statementMap":{"0":{"start":{"line":1,"column":16},"end":{"line":1,"column":34}},"1":{"start":{"line":2,"column":38},"end":{"line":2,"column":65}},"2":{"start":{"line":3,"column":19},"end":{"line":3,"column":54}},"3":{"start":{"line":4,"column":21},"end":{"line":4,"column":58}},"4":{"start":{"line":5,"column":23},"end":{"line":5,"column":63}},"5":{"start":{"line":6,"column":13},"end":{"line":6,"column":42}},"6":{"start":{"line":7,"column":21},"end":{"line":7,"column":49}},"7":{"start":{"line":8,"column":21},"end":{"line":8,"column":49}},"8":{"start":{"line":9,"column":18},"end":{"line":9,"column":43}},"9":{"start":{"line":11,"column":15},"end":{"line":11,"column":31}},"10":{"start":{"line":13,"column":0},"end":{"line":17,"column":3}},"11":{"start":{"line":14,"column":19},"end":{"line":14,"column":39}},"12":{"start":{"line":15,"column":2},"end":{"line":15,"column":21}},"13":{"start":{"line":16,"column":2},"end":{"line":16,"column":6}},"14":{"start":{"line":19,"column":0},"end":{"line":24,"column":3}},"15":{"start":{"line":20,"column":18},"end":{"line":20,"column":55}},"16":{"start":{"line":21,"column":2},"end":{"line":21,"column":67}},"17":{"start":{"line":21,"column":16},"end":{"line":21,"column":67}},"18":{"start":{"line":23,"column":2},"end":{"line":23,"column":20}},"19":{"start":{"line":26,"column":0},"end":{"line":29,"column":3}},"20":{"start":{"line":27,"column":19},"end":{"line":27,"column":69}},"21":{"start":{"line":28,"column":2},"end":{"line":28,"column":21}},"22":{"start":{"line":31,"column":0},"end":{"line":73,"column":2}},"23":{"start":{"line":35,"column":21},"end":{"line":35,"column":65}},"24":{"start":{"line":36,"column":4},"end":{"line":36,"column":78}},"25":{"start":{"line":36,"column":19},"end":{"line":36,"column":78}},"26":{"start":{"line":38,"column":21},"end":{"line":38,"column":65}},"27":{"start":{"line":39,"column":4},"end":{"line":39,"column":71}},"28":{"start":{"line":39,"column":19},"end":{"line":39,"column":71}},"29":{"start":{"line":41,"column":18},"end":{"line":41,"column":72}},"30":{"start":{"line":42,"column":4},"end":{"line":42,"column":65}},"31":{"start":{"line":42,"column":16},"end":{"line":42,"column":65}},"32":{"start":{"line":44,"column":20},"end":{"line":65,"column":6}},"33":{"start":{"line":70,"column":4},"end":{"line":70,"column":25}},"34":{"start":{"line":71,"column":4},"end":{"line":71,"column":22}},"35":{"start":{"line":75,"column":0},"end":{"line":122,"column":2}},"36":{"start":{"line":79,"column":20},"end":{"line":79,"column":57}},"37":{"start":{"line":80,"column":4},"end":{"line":80,"column":71}},"38":{"start":{"line":80,"column":18},"end":{"line":80,"column":71}},"39":{"start":{"line":82,"column":21},"end":{"line":82,"column":65}},"40":{"start":{"line":83,"column":4},"end":{"line":83,"column":78}},"41":{"start":{"line":83,"column":19},"end":{"line":83,"column":78}},"42":{"start":{"line":85,"column":21},"end":{"line":85,"column":65}},"43":{"start":{"line":86,"column":4},"end":{"line":86,"column":73}},"44":{"start":{"line":86,"column":19},"end":{"line":86,"column":73}},"45":{"start":{"line":88,"column":18},"end":{"line":88,"column":72}},"46":{"start":{"line":89,"column":4},"end":{"line":89,"column":67}},"47":{"start":{"line":89,"column":16},"end":{"line":89,"column":67}},"48":{"start":{"line":91,"column":19},"end":{"line":114,"column":6}},"49":{"start":{"line":120,"column":4},"end":{"line":120,"column":21}},"50":{"start":{"line":124,"column":0},"end":{"line":129,"column":3}},"51":{"start":{"line":125,"column":18},"end":{"line":125,"column":55}},"52":{"start":{"line":126,"column":2},"end":{"line":126,"column":67}},"53":{"start":{"line":126,"column":16},"end":{"line":126,"column":67}},"54":{"start":{"line":128,"column":2},"end":{"line":128,"column":20}},"55":{"start":{"line":131,"column":0},"end":{"line":131,"column":24}}},"fnMap":{"0":{"name":"(anonymous_0)","decl":{"start":{"line":13,"column":16},"end":{"line":13,"column":17}},"loc":{"start":{"line":13,"column":36},"end":{"line":17,"column":1}},"line":13},"1":{"name":"(anonymous_1)","decl":{"start":{"line":19,"column":31},"end":{"line":19,"column":32}},"loc":{"start":{"line":19,"column":51},"end":{"line":24,"column":1}},"line":19},"2":{"name":"(anonymous_2)","decl":{"start":{"line":26,"column":47},"end":{"line":26,"column":48}},"loc":{"start":{"line":26,"column":67},"end":{"line":29,"column":1}},"line":26},"3":{"name":"(anonymous_3)","decl":{"start":{"line":34,"column":2},"end":{"line":34,"column":3}},"loc":{"start":{"line":34,"column":22},"end":{"line":72,"column":3}},"line":34},"4":{"name":"(anonymous_4)","decl":{"start":{"line":78,"column":2},"end":{"line":78,"column":3}},"loc":{"start":{"line":78,"column":22},"end":{"line":121,"column":3}},"line":78},"5":{"name":"(anonymous_5)","decl":{"start":{"line":124,"column":34},"end":{"line":124,"column":35}},"loc":{"start":{"line":124,"column":54},"end":{"line":129,"column":1}},"line":124}},"branchMap":{"0":{"loc":{"start":{"line":21,"column":2},"end":{"line":21,"column":67}},"type":"if","locations":[{"start":{"line":21,"column":2},"end":{"line":21,"column":67}},{"start":{"line":21,"column":2},"end":{"line":21,"column":67}}],"line":21},"1":{"loc":{"start":{"line":36,"column":4},"end":{"line":36,"column":78}},"type":"if","locations":[{"start":{"line":36,"column":4},"end":{"line":36,"column":78}},{"start":{"line":36,"column":4},"end":{"line":36,"column":78}}],"line":36},"2":{"loc":{"start":{"line":39,"column":4},"end":{"line":39,"column":71}},"type":"if","locations":[{"start":{"line":39,"column":4},"end":{"line":39,"column":71}},{"start":{"line":39,"column":4},"end":{"line":39,"column":71}}],"line":39},"3":{"loc":{"start":{"line":42,"column":4},"end":{"line":42,"column":65}},"type":"if","locations":[{"start":{"line":42,"column":4},"end":{"line":42,"column":65}},{"start":{"line":42,"column":4},"end":{"line":42,"column":65}}],"line":42},"4":{"loc":{"start":{"line":80,"column":4},"end":{"line":80,"column":71}},"type":"if","locations":[{"start":{"line":80,"column":4},"end":{"line":80,"column":71}},{"start":{"line":80,"column":4},"end":{"line":80,"column":71}}],"line":80},"5":{"loc":{"start":{"line":83,"column":4},"end":{"line":83,"column":78}},"type":"if","locations":[{"start":{"line":83,"column":4},"end":{"line":83,"column":78}},{"start":{"line":83,"column":4},"end":{"line":83,"column":78}}],"line":83},"6":{"loc":{"start":{"line":86,"column":4},"end":{"line":86,"column":73}},"type":"if","locations":[{"start":{"line":86,"column":4},"end":{"line":86,"column":73}},{"start":{"line":86,"column":4},"end":{"line":86,"column":73}}],"line":86},"7":{"loc":{"start":{"line":89,"column":4},"end":{"line":89,"column":67}},"type":"if","locations":[{"start":{"line":89,"column":4},"end":{"line":89,"column":67}},{"start":{"line":89,"column":4},"end":{"line":89,"column":67}}],"line":89},"8":{"loc":{"start":{"line":126,"column":2},"end":{"line":126,"column":67}},"type":"if","locations":[{"start":{"line":126,"column":2},"end":{"line":126,"column":67}},{"start":{"line":126,"column":2},"end":{"line":126,"column":67}}],"line":126}},"s":{"0":8,"1":8,"2":8,"3":8,"4":8,"5":8,"6":8,"7":8,"8":8,"9":8,"10":8,"11":1,"12":1,"13":1,"14":8,"15":2,"16":2,"17":1,"18":1,"19":8,"20":1,"21":1,"22":8,"23":4,"24":4,"25":1,"26":3,"27":3,"28":1,"29":2,"30":2,"31":1,"32":1,"33":1,"34":1,"35":8,"36":5,"37":5,"38":1,"39":4,"40":4,"41":1,"42":3,"43":3,"44":1,"45":2,"46":2,"47":1,"48":1,"49":1,"50":8,"51":2,"52":2,"53":1,"54":1,"55":8},"f":{"0":1,"1":2,"2":1,"3":4,"4":5,"5":2},"b":{"0":[1,1],"1":[1,3],"2":[1,2],"3":[1,1],"4":[1,4],"5":[1,3],"6":[1,2],"7":[1,1],"8":[1,1]},"_coverageSchema":"1a1c01bbd47fc00a2c39e90264f33305004495a9","hash":"fddace64bb26602f30cdd1114d021fa852afa1c4"}
,"E:\\Projects\\Lyospot\\routes\\shipping.js": {"path":"E:\\Projects\\Lyospot\\routes\\shipping.js","statementMap":{"0":{"start":{"line":1,"column":16},"end":{"line":1,"column":34}},"1":{"start":{"line":2,"column":31},"end":{"line":2,"column":59}},"2":{"start":{"line":3,"column":19},"end":{"line":3,"column":54}},"3":{"start":{"line":4,"column":21},"end":{"line":4,"column":58}},"4":{"start":{"line":5,"column":15},"end":{"line":5,"column":31}},"5":{"start":{"line":7,"column":0},"end":{"line":10,"column":3}},"6":{"start":{"line":8,"column":20},"end":{"line":8,"column":41}},"7":{"start":{"line":9,"column":2},"end":{"line":9,"column":22}},"8":{"start":{"line":12,"column":0},"end":{"line":17,"column":3}},"9":{"start":{"line":13,"column":19},"end":{"line":13,"column":57}},"10":{"start":{"line":14,"column":2},"end":{"line":14,"column":71}},"11":{"start":{"line":14,"column":17},"end":{"line":14,"column":71}},"12":{"start":{"line":16,"column":2},"end":{"line":16,"column":21}},"13":{"start":{"line":19,"column":0},"end":{"line":23,"column":3}},"14":{"start":{"line":20,"column":19},"end":{"line":20,"column":56}},"15":{"start":{"line":21,"column":2},"end":{"line":21,"column":24}},"16":{"start":{"line":22,"column":2},"end":{"line":22,"column":21}},"17":{"start":{"line":25,"column":0},"end":{"line":32,"column":3}},"18":{"start":{"line":26,"column":19},"end":{"line":26,"column":57}},"19":{"start":{"line":27,"column":2},"end":{"line":27,"column":71}},"20":{"start":{"line":27,"column":17},"end":{"line":27,"column":71}},"21":{"start":{"line":29,"column":2},"end":{"line":29,"column":32}},"22":{"start":{"line":30,"column":2},"end":{"line":30,"column":24}},"23":{"start":{"line":31,"column":2},"end":{"line":31,"column":21}},"24":{"start":{"line":34,"column":0},"end":{"line":40,"column":3}},"25":{"start":{"line":35,"column":19},"end":{"line":35,"column":57}},"26":{"start":{"line":36,"column":2},"end":{"line":36,"column":71}},"27":{"start":{"line":36,"column":17},"end":{"line":36,"column":71}},"28":{"start":{"line":38,"column":17},"end":{"line":38,"column":65}},"29":{"start":{"line":39,"column":2},"end":{"line":39,"column":19}},"30":{"start":{"line":42,"column":0},"end":{"line":42,"column":24}}},"fnMap":{"0":{"name":"(anonymous_0)","decl":{"start":{"line":7,"column":16},"end":{"line":7,"column":17}},"loc":{"start":{"line":7,"column":36},"end":{"line":10,"column":1}},"line":7},"1":{"name":"(anonymous_1)","decl":{"start":{"line":12,"column":31},"end":{"line":12,"column":32}},"loc":{"start":{"line":12,"column":51},"end":{"line":17,"column":1}},"line":12},"2":{"name":"(anonymous_2)","decl":{"start":{"line":19,"column":41},"end":{"line":19,"column":42}},"loc":{"start":{"line":19,"column":61},"end":{"line":23,"column":1}},"line":19},"3":{"name":"(anonymous_3)","decl":{"start":{"line":25,"column":57},"end":{"line":25,"column":58}},"loc":{"start":{"line":25,"column":77},"end":{"line":32,"column":1}},"line":25},"4":{"name":"(anonymous_4)","decl":{"start":{"line":34,"column":34},"end":{"line":34,"column":35}},"loc":{"start":{"line":34,"column":54},"end":{"line":40,"column":1}},"line":34}},"branchMap":{"0":{"loc":{"start":{"line":14,"column":2},"end":{"line":14,"column":71}},"type":"if","locations":[{"start":{"line":14,"column":2},"end":{"line":14,"column":71}},{"start":{"line":14,"column":2},"end":{"line":14,"column":71}}],"line":14},"1":{"loc":{"start":{"line":27,"column":2},"end":{"line":27,"column":71}},"type":"if","locations":[{"start":{"line":27,"column":2},"end":{"line":27,"column":71}},{"start":{"line":27,"column":2},"end":{"line":27,"column":71}}],"line":27},"2":{"loc":{"start":{"line":36,"column":2},"end":{"line":36,"column":71}},"type":"if","locations":[{"start":{"line":36,"column":2},"end":{"line":36,"column":71}},{"start":{"line":36,"column":2},"end":{"line":36,"column":71}}],"line":36}},"s":{"0":8,"1":8,"2":8,"3":8,"4":8,"5":8,"6":1,"7":1,"8":8,"9":2,"10":2,"11":1,"12":1,"13":8,"14":1,"15":1,"16":1,"17":8,"18":2,"19":2,"20":1,"21":1,"22":1,"23":1,"24":8,"25":2,"26":2,"27":1,"28":1,"29":1,"30":8},"f":{"0":1,"1":2,"2":1,"3":2,"4":2},"b":{"0":[1,1],"1":[1,1],"2":[1,1]},"_coverageSchema":"1a1c01bbd47fc00a2c39e90264f33305004495a9","hash":"cee1e5824abba682006c023e389750a340d7f4eb"}
,"E:\\Projects\\Lyospot\\routes\\store.js": {"path":"E:\\Projects\\Lyospot\\routes\\store.js","statementMap":{"0":{"start":{"line":1,"column":16},"end":{"line":1,"column":34}},"1":{"start":{"line":2,"column":54},"end":{"line":2,"column":79}},"2":{"start":{"line":3,"column":17},"end":{"line":3,"column":41}},"3":{"start":{"line":4,"column":13},"end":{"line":4,"column":42}},"4":{"start":{"line":5,"column":14},"end":{"line":5,"column":44}},"5":{"start":{"line":6,"column":19},"end":{"line":6,"column":54}},"6":{"start":{"line":7,"column":21},"end":{"line":7,"column":58}},"7":{"start":{"line":8,"column":23},"end":{"line":8,"column":63}},"8":{"start":{"line":9,"column":15},"end":{"line":9,"column":31}},"9":{"start":{"line":11,"column":0},"end":{"line":14,"column":3}},"10":{"start":{"line":12,"column":17},"end":{"line":12,"column":35}},"11":{"start":{"line":13,"column":2},"end":{"line":13,"column":19}},"12":{"start":{"line":16,"column":0},"end":{"line":21,"column":3}},"13":{"start":{"line":17,"column":16},"end":{"line":17,"column":51}},"14":{"start":{"line":18,"column":2},"end":{"line":18,"column":65}},"15":{"start":{"line":18,"column":14},"end":{"line":18,"column":65}},"16":{"start":{"line":20,"column":2},"end":{"line":20,"column":18}},"17":{"start":{"line":23,"column":0},"end":{"line":54,"column":2}},"18":{"start":{"line":27,"column":17},"end":{"line":27,"column":62}},"19":{"start":{"line":28,"column":4},"end":{"line":28,"column":65}},"20":{"start":{"line":28,"column":15},"end":{"line":28,"column":65}},"21":{"start":{"line":29,"column":70},"end":{"line":29,"column":78}},"22":{"start":{"line":30,"column":18},"end":{"line":44,"column":6}},"23":{"start":{"line":45,"column":4},"end":{"line":45,"column":23}},"24":{"start":{"line":46,"column":4},"end":{"line":46,"column":25}},"25":{"start":{"line":47,"column":4},"end":{"line":47,"column":32}},"26":{"start":{"line":48,"column":4},"end":{"line":48,"column":22}},"27":{"start":{"line":49,"column":4},"end":{"line":52,"column":19}},"28":{"start":{"line":56,"column":0},"end":{"line":61,"column":3}},"29":{"start":{"line":57,"column":16},"end":{"line":57,"column":70}},"30":{"start":{"line":58,"column":2},"end":{"line":58,"column":65}},"31":{"start":{"line":58,"column":14},"end":{"line":58,"column":65}},"32":{"start":{"line":60,"column":2},"end":{"line":60,"column":18}},"33":{"start":{"line":63,"column":0},"end":{"line":71,"column":3}},"34":{"start":{"line":64,"column":16},"end":{"line":64,"column":52}},"35":{"start":{"line":65,"column":2},"end":{"line":65,"column":65}},"36":{"start":{"line":65,"column":14},"end":{"line":65,"column":65}},"37":{"start":{"line":67,"column":2},"end":{"line":67,"column":36}},"38":{"start":{"line":68,"column":2},"end":{"line":68,"column":21}},"39":{"start":{"line":69,"column":2},"end":{"line":69,"column":18}},"40":{"start":{"line":70,"column":2},"end":{"line":70,"column":21}},"41":{"start":{"line":73,"column":0},"end":{"line":101,"column":2}},"42":{"start":{"line":77,"column":18},"end":{"line":77,"column":53}},"43":{"start":{"line":78,"column":4},"end":{"line":78,"column":65}},"44":{"start":{"line":78,"column":16},"end":{"line":78,"column":65}},"45":{"start":{"line":80,"column":17},"end":{"line":80,"column":62}},"46":{"start":{"line":81,"column":4},"end":{"line":81,"column":65}},"47":{"start":{"line":81,"column":15},"end":{"line":81,"column":65}},"48":{"start":{"line":82,"column":70},"end":{"line":82,"column":78}},"49":{"start":{"line":83,"column":19},"end":{"line":98,"column":6}},"50":{"start":{"line":99,"column":4},"end":{"line":99,"column":21}},"51":{"start":{"line":103,"column":0},"end":{"line":109,"column":3}},"52":{"start":{"line":104,"column":16},"end":{"line":104,"column":51}},"53":{"start":{"line":105,"column":2},"end":{"line":105,"column":65}},"54":{"start":{"line":105,"column":14},"end":{"line":105,"column":65}},"55":{"start":{"line":107,"column":17},"end":{"line":107,"column":62}},"56":{"start":{"line":108,"column":2},"end":{"line":108,"column":19}},"57":{"start":{"line":111,"column":0},"end":{"line":111,"column":24}}},"fnMap":{"0":{"name":"(anonymous_0)","decl":{"start":{"line":11,"column":31},"end":{"line":11,"column":32}},"loc":{"start":{"line":11,"column":51},"end":{"line":14,"column":1}},"line":11},"1":{"name":"(anonymous_1)","decl":{"start":{"line":16,"column":31},"end":{"line":16,"column":32}},"loc":{"start":{"line":16,"column":51},"end":{"line":21,"column":1}},"line":16},"2":{"name":"(anonymous_2)","decl":{"start":{"line":26,"column":2},"end":{"line":26,"column":3}},"loc":{"start":{"line":26,"column":22},"end":{"line":53,"column":3}},"line":26},"3":{"name":"(anonymous_3)","decl":{"start":{"line":56,"column":55},"end":{"line":56,"column":56}},"loc":{"start":{"line":56,"column":75},"end":{"line":61,"column":1}},"line":56},"4":{"name":"(anonymous_4)","decl":{"start":{"line":63,"column":54},"end":{"line":63,"column":55}},"loc":{"start":{"line":63,"column":74},"end":{"line":71,"column":1}},"line":63},"5":{"name":"(anonymous_5)","decl":{"start":{"line":76,"column":2},"end":{"line":76,"column":3}},"loc":{"start":{"line":76,"column":22},"end":{"line":100,"column":3}},"line":76},"6":{"name":"(anonymous_6)","decl":{"start":{"line":103,"column":42},"end":{"line":103,"column":43}},"loc":{"start":{"line":103,"column":62},"end":{"line":109,"column":1}},"line":103}},"branchMap":{"0":{"loc":{"start":{"line":18,"column":2},"end":{"line":18,"column":65}},"type":"if","locations":[{"start":{"line":18,"column":2},"end":{"line":18,"column":65}},{"start":{"line":18,"column":2},"end":{"line":18,"column":65}}],"line":18},"1":{"loc":{"start":{"line":28,"column":4},"end":{"line":28,"column":65}},"type":"if","locations":[{"start":{"line":28,"column":4},"end":{"line":28,"column":65}},{"start":{"line":28,"column":4},"end":{"line":28,"column":65}}],"line":28},"2":{"loc":{"start":{"line":58,"column":2},"end":{"line":58,"column":65}},"type":"if","locations":[{"start":{"line":58,"column":2},"end":{"line":58,"column":65}},{"start":{"line":58,"column":2},"end":{"line":58,"column":65}}],"line":58},"3":{"loc":{"start":{"line":65,"column":2},"end":{"line":65,"column":65}},"type":"if","locations":[{"start":{"line":65,"column":2},"end":{"line":65,"column":65}},{"start":{"line":65,"column":2},"end":{"line":65,"column":65}}],"line":65},"4":{"loc":{"start":{"line":78,"column":4},"end":{"line":78,"column":65}},"type":"if","locations":[{"start":{"line":78,"column":4},"end":{"line":78,"column":65}},{"start":{"line":78,"column":4},"end":{"line":78,"column":65}}],"line":78},"5":{"loc":{"start":{"line":81,"column":4},"end":{"line":81,"column":65}},"type":"if","locations":[{"start":{"line":81,"column":4},"end":{"line":81,"column":65}},{"start":{"line":81,"column":4},"end":{"line":81,"column":65}}],"line":81},"6":{"loc":{"start":{"line":105,"column":2},"end":{"line":105,"column":65}},"type":"if","locations":[{"start":{"line":105,"column":2},"end":{"line":105,"column":65}},{"start":{"line":105,"column":2},"end":{"line":105,"column":65}}],"line":105}},"s":{"0":8,"1":8,"2":8,"3":8,"4":8,"5":8,"6":8,"7":8,"8":8,"9":8,"10":1,"11":1,"12":8,"13":2,"14":2,"15":1,"16":1,"17":8,"18":2,"19":2,"20":1,"21":1,"22":1,"23":1,"24":1,"25":1,"26":1,"27":1,"28":8,"29":2,"30":2,"31":1,"32":1,"33":8,"34":2,"35":2,"36":1,"37":1,"38":1,"39":1,"40":1,"41":8,"42":3,"43":3,"44":2,"45":1,"46":1,"47":0,"48":1,"49":1,"50":1,"51":8,"52":2,"53":2,"54":1,"55":1,"56":1,"57":8},"f":{"0":1,"1":2,"2":2,"3":2,"4":2,"5":3,"6":2},"b":{"0":[1,1],"1":[1,1],"2":[1,1],"3":[1,1],"4":[2,1],"5":[0,1],"6":[1,1]},"_coverageSchema":"1a1c01bbd47fc00a2c39e90264f33305004495a9","hash":"a84a82cd77da731837d05a45d5fa8a49514e019c"}
,"E:\\Projects\\Lyospot\\routes\\testimonial.js": {"path":"E:\\Projects\\Lyospot\\routes\\testimonial.js","statementMap":{"0":{"start":{"line":1,"column":16},"end":{"line":1,"column":34}},"1":{"start":{"line":2,"column":34},"end":{"line":2,"column":65}},"2":{"start":{"line":3,"column":17},"end":{"line":3,"column":41}},"3":{"start":{"line":4,"column":13},"end":{"line":4,"column":42}},"4":{"start":{"line":5,"column":19},"end":{"line":5,"column":54}},"5":{"start":{"line":6,"column":21},"end":{"line":6,"column":58}},"6":{"start":{"line":7,"column":15},"end":{"line":7,"column":31}},"7":{"start":{"line":9,"column":0},"end":{"line":12,"column":3}},"8":{"start":{"line":10,"column":23},"end":{"line":10,"column":47}},"9":{"start":{"line":11,"column":2},"end":{"line":11,"column":25}},"10":{"start":{"line":14,"column":0},"end":{"line":19,"column":3}},"11":{"start":{"line":15,"column":22},"end":{"line":15,"column":63}},"12":{"start":{"line":16,"column":2},"end":{"line":16,"column":77}},"13":{"start":{"line":16,"column":20},"end":{"line":16,"column":77}},"14":{"start":{"line":18,"column":2},"end":{"line":18,"column":24}},"15":{"start":{"line":21,"column":0},"end":{"line":36,"column":3}},"16":{"start":{"line":22,"column":15},"end":{"line":22,"column":60}},"17":{"start":{"line":23,"column":2},"end":{"line":23,"column":63}},"18":{"start":{"line":23,"column":13},"end":{"line":23,"column":63}},"19":{"start":{"line":25,"column":22},"end":{"line":33,"column":4}},"20":{"start":{"line":34,"column":2},"end":{"line":34,"column":27}},"21":{"start":{"line":35,"column":2},"end":{"line":35,"column":24}},"22":{"start":{"line":38,"column":0},"end":{"line":44,"column":3}},"23":{"start":{"line":39,"column":22},"end":{"line":39,"column":63}},"24":{"start":{"line":40,"column":2},"end":{"line":40,"column":77}},"25":{"start":{"line":40,"column":20},"end":{"line":40,"column":77}},"26":{"start":{"line":42,"column":17},"end":{"line":42,"column":68}},"27":{"start":{"line":43,"column":2},"end":{"line":43,"column":19}},"28":{"start":{"line":46,"column":0},"end":{"line":46,"column":24}}},"fnMap":{"0":{"name":"(anonymous_0)","decl":{"start":{"line":9,"column":22},"end":{"line":9,"column":23}},"loc":{"start":{"line":9,"column":42},"end":{"line":12,"column":1}},"line":9},"1":{"name":"(anonymous_1)","decl":{"start":{"line":14,"column":39},"end":{"line":14,"column":40}},"loc":{"start":{"line":14,"column":59},"end":{"line":19,"column":1}},"line":14},"2":{"name":"(anonymous_2)","decl":{"start":{"line":21,"column":49},"end":{"line":21,"column":50}},"loc":{"start":{"line":21,"column":69},"end":{"line":36,"column":1}},"line":21},"3":{"name":"(anonymous_3)","decl":{"start":{"line":38,"column":42},"end":{"line":38,"column":43}},"loc":{"start":{"line":38,"column":62},"end":{"line":44,"column":1}},"line":38}},"branchMap":{"0":{"loc":{"start":{"line":16,"column":2},"end":{"line":16,"column":77}},"type":"if","locations":[{"start":{"line":16,"column":2},"end":{"line":16,"column":77}},{"start":{"line":16,"column":2},"end":{"line":16,"column":77}}],"line":16},"1":{"loc":{"start":{"line":23,"column":2},"end":{"line":23,"column":63}},"type":"if","locations":[{"start":{"line":23,"column":2},"end":{"line":23,"column":63}},{"start":{"line":23,"column":2},"end":{"line":23,"column":63}}],"line":23},"2":{"loc":{"start":{"line":40,"column":2},"end":{"line":40,"column":77}},"type":"if","locations":[{"start":{"line":40,"column":2},"end":{"line":40,"column":77}},{"start":{"line":40,"column":2},"end":{"line":40,"column":77}}],"line":40}},"s":{"0":8,"1":8,"2":8,"3":8,"4":8,"5":8,"6":8,"7":8,"8":1,"9":1,"10":8,"11":2,"12":2,"13":1,"14":1,"15":8,"16":2,"17":2,"18":1,"19":1,"20":1,"21":1,"22":8,"23":2,"24":2,"25":1,"26":1,"27":1,"28":8},"f":{"0":1,"1":2,"2":2,"3":2},"b":{"0":[1,1],"1":[1,1],"2":[1,1]},"_coverageSchema":"1a1c01bbd47fc00a2c39e90264f33305004495a9","hash":"f4493a4d9ee78fc374e787ad15bf5762a7b994ed"}
,"E:\\Projects\\Lyospot\\routes\\user.js": {"path":"E:\\Projects\\Lyospot\\routes\\user.js","statementMap":{"0":{"start":{"line":1,"column":16},"end":{"line":1,"column":34}},"1":{"start":{"line":2,"column":15},"end":{"line":2,"column":32}},"2":{"start":{"line":3,"column":51},"end":{"line":3,"column":75}},"3":{"start":{"line":4,"column":21},"end":{"line":4,"column":58}},"4":{"start":{"line":5,"column":13},"end":{"line":5,"column":42}},"5":{"start":{"line":6,"column":19},"end":{"line":6,"column":54}},"6":{"start":{"line":7,"column":14},"end":{"line":7,"column":44}},"7":{"start":{"line":8,"column":23},"end":{"line":8,"column":63}},"8":{"start":{"line":9,"column":14},"end":{"line":9,"column":41}},"9":{"start":{"line":10,"column":15},"end":{"line":10,"column":31}},"10":{"start":{"line":12,"column":0},"end":{"line":15,"column":3}},"11":{"start":{"line":13,"column":16},"end":{"line":13,"column":33}},"12":{"start":{"line":14,"column":2},"end":{"line":14,"column":18}},"13":{"start":{"line":17,"column":0},"end":{"line":23,"column":3}},"14":{"start":{"line":18,"column":15},"end":{"line":18,"column":49}},"15":{"start":{"line":19,"column":2},"end":{"line":19,"column":63}},"16":{"start":{"line":19,"column":13},"end":{"line":19,"column":63}},"17":{"start":{"line":21,"column":2},"end":{"line":21,"column":23}},"18":{"start":{"line":22,"column":2},"end":{"line":22,"column":17}},"19":{"start":{"line":25,"column":0},"end":{"line":28,"column":3}},"20":{"start":{"line":26,"column":15},"end":{"line":26,"column":60}},"21":{"start":{"line":27,"column":2},"end":{"line":27,"column":17}},"22":{"start":{"line":30,"column":0},"end":{"line":38,"column":3}},"23":{"start":{"line":31,"column":15},"end":{"line":31,"column":60}},"24":{"start":{"line":32,"column":2},"end":{"line":32,"column":72}},"25":{"start":{"line":32,"column":13},"end":{"line":32,"column":72}},"26":{"start":{"line":34,"column":18},"end":{"line":34,"column":72}},"27":{"start":{"line":35,"column":2},"end":{"line":35,"column":75}},"28":{"start":{"line":35,"column":16},"end":{"line":35,"column":75}},"29":{"start":{"line":37,"column":2},"end":{"line":37,"column":32}},"30":{"start":{"line":40,"column":0},"end":{"line":42,"column":3}},"31":{"start":{"line":41,"column":2},"end":{"line":41,"column":44}},"32":{"start":{"line":44,"column":0},"end":{"line":62,"column":3}},"33":{"start":{"line":45,"column":13},"end":{"line":45,"column":58}},"34":{"start":{"line":46,"column":2},"end":{"line":46,"column":67}},"35":{"start":{"line":46,"column":12},"end":{"line":46,"column":67}},"36":{"start":{"line":48,"column":16},"end":{"line":48,"column":33}},"37":{"start":{"line":50,"column":2},"end":{"line":54,"column":5}},"38":{"start":{"line":55,"column":15},"end":{"line":55,"column":39}},"39":{"start":{"line":56,"column":2},"end":{"line":56,"column":57}},"40":{"start":{"line":57,"column":2},"end":{"line":57,"column":20}},"41":{"start":{"line":58,"column":2},"end":{"line":61,"column":16}},"42":{"start":{"line":64,"column":0},"end":{"line":86,"column":2}},"43":{"start":{"line":68,"column":15},"end":{"line":68,"column":49}},"44":{"start":{"line":69,"column":4},"end":{"line":69,"column":65}},"45":{"start":{"line":69,"column":15},"end":{"line":69,"column":65}},"46":{"start":{"line":70,"column":57},"end":{"line":70,"column":65}},"47":{"start":{"line":71,"column":4},"end":{"line":83,"column":7}},"48":{"start":{"line":84,"column":4},"end":{"line":84,"column":19}},"49":{"start":{"line":88,"column":0},"end":{"line":94,"column":3}},"50":{"start":{"line":89,"column":13},"end":{"line":89,"column":47}},"51":{"start":{"line":90,"column":2},"end":{"line":90,"column":63}},"52":{"start":{"line":90,"column":13},"end":{"line":90,"column":63}},"53":{"start":{"line":92,"column":2},"end":{"line":92,"column":54}},"54":{"start":{"line":93,"column":2},"end":{"line":93,"column":17}},"55":{"start":{"line":96,"column":0},"end":{"line":96,"column":24}}},"fnMap":{"0":{"name":"(anonymous_0)","decl":{"start":{"line":12,"column":31},"end":{"line":12,"column":32}},"loc":{"start":{"line":12,"column":51},"end":{"line":15,"column":1}},"line":12},"1":{"name":"(anonymous_1)","decl":{"start":{"line":17,"column":46},"end":{"line":17,"column":47}},"loc":{"start":{"line":17,"column":66},"end":{"line":23,"column":1}},"line":17},"2":{"name":"(anonymous_2)","decl":{"start":{"line":25,"column":32},"end":{"line":25,"column":33}},"loc":{"start":{"line":25,"column":52},"end":{"line":28,"column":1}},"line":25},"3":{"name":"(anonymous_3)","decl":{"start":{"line":30,"column":43},"end":{"line":30,"column":44}},"loc":{"start":{"line":30,"column":63},"end":{"line":38,"column":1}},"line":30},"4":{"name":"(anonymous_4)","decl":{"start":{"line":40,"column":47},"end":{"line":40,"column":48}},"loc":{"start":{"line":40,"column":67},"end":{"line":42,"column":1}},"line":40},"5":{"name":"(anonymous_5)","decl":{"start":{"line":44,"column":41},"end":{"line":44,"column":42}},"loc":{"start":{"line":44,"column":61},"end":{"line":62,"column":1}},"line":44},"6":{"name":"(anonymous_6)","decl":{"start":{"line":67,"column":2},"end":{"line":67,"column":3}},"loc":{"start":{"line":67,"column":22},"end":{"line":85,"column":3}},"line":67},"7":{"name":"(anonymous_7)","decl":{"start":{"line":88,"column":49},"end":{"line":88,"column":50}},"loc":{"start":{"line":88,"column":69},"end":{"line":94,"column":1}},"line":88}},"branchMap":{"0":{"loc":{"start":{"line":19,"column":2},"end":{"line":19,"column":63}},"type":"if","locations":[{"start":{"line":19,"column":2},"end":{"line":19,"column":63}},{"start":{"line":19,"column":2},"end":{"line":19,"column":63}}],"line":19},"1":{"loc":{"start":{"line":32,"column":2},"end":{"line":32,"column":72}},"type":"if","locations":[{"start":{"line":32,"column":2},"end":{"line":32,"column":72}},{"start":{"line":32,"column":2},"end":{"line":32,"column":72}}],"line":32},"2":{"loc":{"start":{"line":35,"column":2},"end":{"line":35,"column":75}},"type":"if","locations":[{"start":{"line":35,"column":2},"end":{"line":35,"column":75}},{"start":{"line":35,"column":2},"end":{"line":35,"column":75}}],"line":35},"3":{"loc":{"start":{"line":46,"column":2},"end":{"line":46,"column":67}},"type":"if","locations":[{"start":{"line":46,"column":2},"end":{"line":46,"column":67}},{"start":{"line":46,"column":2},"end":{"line":46,"column":67}}],"line":46},"4":{"loc":{"start":{"line":69,"column":4},"end":{"line":69,"column":65}},"type":"if","locations":[{"start":{"line":69,"column":4},"end":{"line":69,"column":65}},{"start":{"line":69,"column":4},"end":{"line":69,"column":65}}],"line":69},"5":{"loc":{"start":{"line":75,"column":15},"end":{"line":75,"column":33}},"type":"cond-expr","locations":[{"start":{"line":75,"column":23},"end":{"line":75,"column":28}},{"start":{"line":75,"column":31},"end":{"line":75,"column":33}}],"line":75},"6":{"loc":{"start":{"line":76,"column":17},"end":{"line":76,"column":39}},"type":"cond-expr","locations":[{"start":{"line":76,"column":27},"end":{"line":76,"column":34}},{"start":{"line":76,"column":37},"end":{"line":76,"column":39}}],"line":76},"7":{"loc":{"start":{"line":77,"column":16},"end":{"line":77,"column":36}},"type":"cond-expr","locations":[{"start":{"line":77,"column":25},"end":{"line":77,"column":31}},{"start":{"line":77,"column":34},"end":{"line":77,"column":36}}],"line":77},"8":{"loc":{"start":{"line":78,"column":13},"end":{"line":78,"column":27}},"type":"cond-expr","locations":[{"start":{"line":78,"column":19},"end":{"line":78,"column":22}},{"start":{"line":78,"column":25},"end":{"line":78,"column":27}}],"line":78},"9":{"loc":{"start":{"line":79,"column":17},"end":{"line":81,"column":37}},"type":"cond-expr","locations":[{"start":{"line":80,"column":12},"end":{"line":80,"column":47}},{"start":{"line":81,"column":12},"end":{"line":81,"column":37}}],"line":79},"10":{"loc":{"start":{"line":90,"column":2},"end":{"line":90,"column":63}},"type":"if","locations":[{"start":{"line":90,"column":2},"end":{"line":90,"column":63}},{"start":{"line":90,"column":2},"end":{"line":90,"column":63}}],"line":90}},"s":{"0":8,"1":8,"2":8,"3":8,"4":8,"5":8,"6":8,"7":8,"8":8,"9":8,"10":8,"11":1,"12":1,"13":8,"14":2,"15":2,"16":1,"17":1,"18":1,"19":8,"20":1,"21":1,"22":8,"23":3,"24":3,"25":1,"26":2,"27":2,"28":1,"29":1,"30":8,"31":0,"32":8,"33":2,"34":2,"35":1,"36":1,"37":1,"38":1,"39":1,"40":1,"41":1,"42":8,"43":2,"44":2,"45":1,"46":1,"47":1,"48":1,"49":8,"50":2,"51":2,"52":1,"53":1,"54":1,"55":8},"f":{"0":1,"1":2,"2":1,"3":3,"4":0,"5":2,"6":2,"7":2},"b":{"0":[1,1],"1":[1,2],"2":[1,1],"3":[1,1],"4":[1,1],"5":[1,0],"6":[1,0],"7":[0,1],"8":[0,1],"9":[0,1],"10":[1,1]},"_coverageSchema":"1a1c01bbd47fc00a2c39e90264f33305004495a9","hash":"f3d40c84435890f185a3849a858ec832ac56457e"}
,"E:\\Projects\\Lyospot\\routes\\wishlist.js": {"path":"E:\\Projects\\Lyospot\\routes\\wishlist.js","statementMap":{"0":{"start":{"line":1,"column":16},"end":{"line":1,"column":34}},"1":{"start":{"line":2,"column":21},"end":{"line":2,"column":49}},"2":{"start":{"line":3,"column":17},"end":{"line":3,"column":41}},"3":{"start":{"line":4,"column":13},"end":{"line":4,"column":42}},"4":{"start":{"line":5,"column":14},"end":{"line":5,"column":44}},"5":{"start":{"line":6,"column":19},"end":{"line":6,"column":54}},"6":{"start":{"line":8,"column":15},"end":{"line":8,"column":31}},"7":{"start":{"line":10,"column":0},"end":{"line":13,"column":3}},"8":{"start":{"line":11,"column":20},"end":{"line":11,"column":41}},"9":{"start":{"line":12,"column":2},"end":{"line":12,"column":22}},"10":{"start":{"line":15,"column":0},"end":{"line":20,"column":3}},"11":{"start":{"line":16,"column":19},"end":{"line":16,"column":57}},"12":{"start":{"line":17,"column":2},"end":{"line":17,"column":71}},"13":{"start":{"line":17,"column":17},"end":{"line":17,"column":71}},"14":{"start":{"line":19,"column":2},"end":{"line":19,"column":21}},"15":{"start":{"line":22,"column":0},"end":{"line":28,"column":3}},"16":{"start":{"line":23,"column":19},"end":{"line":23,"column":69}},"17":{"start":{"line":24,"column":2},"end":{"line":25,"column":57}},"18":{"start":{"line":25,"column":4},"end":{"line":25,"column":57}},"19":{"start":{"line":27,"column":2},"end":{"line":27,"column":21}},"20":{"start":{"line":30,"column":0},"end":{"line":43,"column":3}},"21":{"start":{"line":31,"column":15},"end":{"line":31,"column":64}},"22":{"start":{"line":32,"column":2},"end":{"line":32,"column":63}},"23":{"start":{"line":32,"column":13},"end":{"line":32,"column":63}},"24":{"start":{"line":34,"column":19},"end":{"line":40,"column":4}},"25":{"start":{"line":41,"column":2},"end":{"line":41,"column":24}},"26":{"start":{"line":42,"column":2},"end":{"line":42,"column":21}},"27":{"start":{"line":45,"column":0},"end":{"line":51,"column":3}},"28":{"start":{"line":46,"column":19},"end":{"line":46,"column":57}},"29":{"start":{"line":47,"column":2},"end":{"line":47,"column":71}},"30":{"start":{"line":47,"column":17},"end":{"line":47,"column":71}},"31":{"start":{"line":49,"column":17},"end":{"line":49,"column":65}},"32":{"start":{"line":50,"column":2},"end":{"line":50,"column":19}},"33":{"start":{"line":53,"column":0},"end":{"line":53,"column":24}}},"fnMap":{"0":{"name":"(anonymous_0)","decl":{"start":{"line":10,"column":31},"end":{"line":10,"column":32}},"loc":{"start":{"line":10,"column":51},"end":{"line":13,"column":1}},"line":10},"1":{"name":"(anonymous_1)","decl":{"start":{"line":15,"column":39},"end":{"line":15,"column":40}},"loc":{"start":{"line":15,"column":59},"end":{"line":20,"column":1}},"line":15},"2":{"name":"(anonymous_2)","decl":{"start":{"line":22,"column":44},"end":{"line":22,"column":45}},"loc":{"start":{"line":22,"column":64},"end":{"line":28,"column":1}},"line":22},"3":{"name":"(anonymous_3)","decl":{"start":{"line":30,"column":25},"end":{"line":30,"column":26}},"loc":{"start":{"line":30,"column":45},"end":{"line":43,"column":1}},"line":30},"4":{"name":"(anonymous_4)","decl":{"start":{"line":45,"column":42},"end":{"line":45,"column":43}},"loc":{"start":{"line":45,"column":62},"end":{"line":51,"column":1}},"line":45}},"branchMap":{"0":{"loc":{"start":{"line":17,"column":2},"end":{"line":17,"column":71}},"type":"if","locations":[{"start":{"line":17,"column":2},"end":{"line":17,"column":71}},{"start":{"line":17,"column":2},"end":{"line":17,"column":71}}],"line":17},"1":{"loc":{"start":{"line":24,"column":2},"end":{"line":25,"column":57}},"type":"if","locations":[{"start":{"line":24,"column":2},"end":{"line":25,"column":57}},{"start":{"line":24,"column":2},"end":{"line":25,"column":57}}],"line":24},"2":{"loc":{"start":{"line":32,"column":2},"end":{"line":32,"column":63}},"type":"if","locations":[{"start":{"line":32,"column":2},"end":{"line":32,"column":63}},{"start":{"line":32,"column":2},"end":{"line":32,"column":63}}],"line":32},"3":{"loc":{"start":{"line":47,"column":2},"end":{"line":47,"column":71}},"type":"if","locations":[{"start":{"line":47,"column":2},"end":{"line":47,"column":71}},{"start":{"line":47,"column":2},"end":{"line":47,"column":71}}],"line":47}},"s":{"0":8,"1":8,"2":8,"3":8,"4":8,"5":8,"6":8,"7":8,"8":1,"9":1,"10":8,"11":2,"12":2,"13":1,"14":1,"15":8,"16":2,"17":2,"18":1,"19":1,"20":8,"21":2,"22":2,"23":1,"24":1,"25":1,"26":1,"27":8,"28":2,"29":2,"30":1,"31":1,"32":1,"33":8},"f":{"0":1,"1":2,"2":2,"3":2,"4":2},"b":{"0":[1,1],"1":[1,1],"2":[1,1],"3":[1,1]},"_coverageSchema":"1a1c01bbd47fc00a2c39e90264f33305004495a9","hash":"08a1660a8670e5330eccd3c72b767c32c40d89c3"}
,"E:\\Projects\\Lyospot\\services\\mail.js": {"path":"E:\\Projects\\Lyospot\\services\\mail.js","statementMap":{"0":{"start":{"line":1,"column":19},"end":{"line":1,"column":40}},"1":{"start":{"line":3,"column":0},"end":{"line":23,"column":2}},"2":{"start":{"line":4,"column":20},"end":{"line":10,"column":4}},"3":{"start":{"line":11,"column":22},"end":{"line":17,"column":3}},"4":{"start":{"line":19,"column":2},"end":{"line":22,"column":5}},"5":{"start":{"line":20,"column":4},"end":{"line":20,"column":46}},"6":{"start":{"line":20,"column":13},"end":{"line":20,"column":46}},"7":{"start":{"line":21,"column":4},"end":{"line":21,"column":24}}},"fnMap":{"0":{"name":"(anonymous_0)","decl":{"start":{"line":3,"column":17},"end":{"line":3,"column":18}},"loc":{"start":{"line":3,"column":39},"end":{"line":23,"column":1}},"line":3},"1":{"name":"(anonymous_1)","decl":{"start":{"line":19,"column":34},"end":{"line":19,"column":35}},"loc":{"start":{"line":19,"column":49},"end":{"line":22,"column":3}},"line":19}},"branchMap":{"0":{"loc":{"start":{"line":20,"column":4},"end":{"line":20,"column":46}},"type":"if","locations":[{"start":{"line":20,"column":4},"end":{"line":20,"column":46}},{"start":{"line":20,"column":4},"end":{"line":20,"column":46}}],"line":20}},"s":{"0":8,"1":8,"2":0,"3":0,"4":0,"5":0,"6":0,"7":0},"f":{"0":0,"1":0},"b":{"0":[0,0]},"_coverageSchema":"1a1c01bbd47fc00a2c39e90264f33305004495a9","hash":"0b6e4a2eb8f6ecd9ca09e472c97c25c5ee95110b"}
}
