TN:
SF:index.js
FN:21,(anonymous_0)
FN:22,(anonymous_1)
FN:37,(anonymous_2)
FN:41,(anonymous_3)
FNF:4
FNH:2
FNDA:8,(anonymous_0)
FNDA:0,(anonymous_1)
FNDA:0,(anonymous_2)
FNDA:8,(anonymous_3)
DA:1,8
DA:2,8
DA:3,8
DA:4,8
DA:5,8
DA:6,8
DA:7,8
DA:8,8
DA:9,8
DA:10,8
DA:11,8
DA:12,8
DA:13,8
DA:14,8
DA:15,8
DA:16,8
DA:18,8
DA:19,8
DA:21,8
DA:22,0
DA:24,8
DA:25,8
DA:26,8
DA:27,8
DA:28,8
DA:29,8
DA:30,8
DA:31,8
DA:32,8
DA:33,8
DA:34,8
DA:36,8
DA:37,8
DA:38,0
DA:40,8
DA:41,8
DA:42,8
DA:45,8
LF:38
LH:36
BRDA:40,0,0,8
BRDA:40,0,1,8
BRF:2
BRH:2
end_of_record
TN:
SF:middleware\admin.js
FN:1,(anonymous_0)
FNF:1
FNH:1
FNDA:14,(anonymous_0)
DA:1,8
DA:2,14
DA:3,9
LF:3
LH:3
BRDA:2,0,0,5
BRDA:2,0,1,9
BRF:2
BRH:2
end_of_record
TN:
SF:middleware\auth.js
FN:4,(anonymous_0)
FNF:1
FNH:1
FNDA:115,(anonymous_0)
DA:1,8
DA:2,8
DA:4,8
DA:5,115
DA:6,115
DA:7,86
DA:8,86
DA:9,85
DA:10,85
DA:12,1
LF:10
LH:10
BRDA:6,0,0,29
BRDA:6,0,1,86
BRF:2
BRH:2
end_of_record
TN:
SF:middleware\error.js
FN:1,(anonymous_0)
FNF:1
FNH:1
FNDA:1,(anonymous_0)
DA:1,8
DA:2,1
DA:3,0
LF:3
LH:2
BRF:0
BRH:0
end_of_record
TN:
SF:middleware\validatebody.js
FN:1,(anonymous_0)
FN:2,(anonymous_1)
FNF:2
FNH:2
FNDA:120,(anonymous_0)
FNDA:50,(anonymous_1)
DA:1,8
DA:2,120
DA:3,50
DA:4,50
DA:6,33
LF:5
LH:5
BRDA:4,0,0,17
BRDA:4,0,1,33
BRF:2
BRH:2
end_of_record
TN:
SF:middleware\validateid.js
FN:3,(anonymous_0)
FNF:1
FNH:1
FNDA:81,(anonymous_0)
DA:1,8
DA:3,8
DA:4,81
DA:5,24
DA:6,57
LF:5
LH:5
BRDA:4,0,0,24
BRDA:4,0,1,57
BRF:2
BRH:2
end_of_record
TN:
SF:middleware\validateuploads.js
FN:1,(anonymous_0)
FN:2,(anonymous_1)
FN:3,(anonymous_2)
FNF:3
FNH:3
FNDA:24,(anonymous_0)
FNDA:10,(anonymous_1)
FNDA:10,(anonymous_2)
DA:1,8
DA:2,24
DA:3,10
DA:4,10
DA:5,10
LF:5
LH:5
BRDA:4,0,0,0
BRDA:4,0,1,10
BRF:2
BRH:1
end_of_record
TN:
SF:model\category.js
FN:10,validate
FNF:1
FNH:1
FNDA:5,validate
DA:1,8
DA:2,8
DA:4,8
DA:8,8
DA:11,5
DA:14,5
DA:17,8
DA:18,8
LF:8
LH:8
BRF:0
BRH:0
end_of_record
TN:
SF:model\order.js
FN:48,validate
FNF:1
FNH:1
FNDA:3,validate
DA:1,8
DA:2,8
DA:4,8
DA:46,8
DA:49,3
DA:57,3
DA:60,8
DA:61,8
LF:8
LH:8
BRF:0
BRH:0
end_of_record
TN:
SF:model\product.js
FN:8,(anonymous_0)
FN:13,checkFile
FN:21,(anonymous_2)
FN:62,validate
FNF:4
FNH:1
FNDA:0,(anonymous_0)
FNDA:0,checkFile
FNDA:0,(anonymous_2)
FNDA:11,validate
DA:1,8
DA:2,8
DA:3,8
DA:4,8
DA:6,8
DA:9,0
DA:14,0
DA:15,0
DA:16,0
DA:17,0
DA:19,8
DA:22,0
DA:31,8
DA:60,8
DA:63,11
DA:76,11
DA:79,8
DA:80,8
DA:81,8
LF:19
LH:13
BRDA:16,0,0,0
BRDA:16,0,1,0
BRF:2
BRH:0
end_of_record
TN:
SF:model\rejectedOrder.js
FNF:0
FNH:0
DA:1,8
DA:3,8
DA:44,8
DA:46,8
LF:4
LH:4
BRF:0
BRH:0
end_of_record
TN:
SF:model\shipping.js
FN:10,validate
FNF:1
FNH:1
FNDA:5,validate
DA:1,8
DA:2,8
DA:4,8
DA:8,8
DA:11,5
DA:14,5
DA:17,8
DA:18,8
LF:8
LH:8
BRF:0
BRH:0
end_of_record
TN:
SF:model\store.js
FN:8,(anonymous_0)
FN:13,checkFile
FN:22,(anonymous_2)
FN:56,validate
FN:69,validateFollows
FN:79,validateProfile
FNF:6
FNH:3
FNDA:0,(anonymous_0)
FNDA:0,checkFile
FNDA:0,(anonymous_2)
FNDA:7,validate
FNDA:4,validateFollows
FNDA:3,validateProfile
DA:1,8
DA:2,8
DA:3,8
DA:4,8
DA:6,8
DA:9,0
DA:14,0
DA:15,0
DA:16,0
DA:17,0
DA:20,8
DA:23,0
DA:27,8
DA:54,8
DA:57,7
DA:66,7
DA:70,4
DA:76,4
DA:80,3
DA:85,3
DA:88,8
DA:89,8
DA:90,8
DA:91,8
DA:92,8
LF:25
LH:19
BRDA:16,0,0,0
BRDA:16,0,1,0
BRF:2
BRH:0
end_of_record
TN:
SF:model\testimonial.js
FN:17,validate
FNF:1
FNH:1
FNDA:3,validate
DA:1,8
DA:2,8
DA:4,8
DA:15,8
DA:18,3
DA:26,3
DA:29,8
DA:30,8
LF:8
LH:8
BRF:0
BRH:0
end_of_record
TN:
SF:model\user.js
FN:10,(anonymous_0)
FN:15,checkFile
FN:24,(anonymous_2)
FN:44,(anonymous_3)
FN:60,validate
FN:80,validateLogin
FN:90,validateConfirm
FNF:7
FNH:4
FNDA:0,(anonymous_0)
FNDA:0,checkFile
FNDA:0,(anonymous_2)
FNDA:159,(anonymous_3)
FNDA:3,validate
FNDA:5,validateLogin
FNDA:1,validateConfirm
DA:1,8
DA:2,8
DA:3,8
DA:4,8
DA:5,8
DA:6,8
DA:8,8
DA:11,0
DA:16,0
DA:17,0
DA:18,0
DA:19,0
DA:22,8
DA:25,0
DA:29,8
DA:44,8
DA:45,159
DA:58,8
DA:61,3
DA:77,3
DA:81,5
DA:87,5
DA:91,1
DA:97,1
DA:100,8
DA:101,8
DA:102,8
DA:103,8
DA:104,8
LF:29
LH:23
BRDA:18,0,0,0
BRDA:18,0,1,0
BRF:2
BRH:0
end_of_record
TN:
SF:model\wishlist.js
FNF:0
FNH:0
DA:1,8
DA:2,8
DA:4,8
DA:41,8
DA:43,8
LF:5
LH:5
BRF:0
BRH:0
end_of_record
TN:
SF:routes\category.js
FN:8,(anonymous_0)
FN:13,(anonymous_1)
FN:20,(anonymous_2)
FN:26,(anonymous_3)
FN:35,(anonymous_4)
FNF:5
FNH:5
FNDA:1,(anonymous_0)
FNDA:2,(anonymous_1)
FNDA:1,(anonymous_2)
FNDA:2,(anonymous_3)
FNDA:2,(anonymous_4)
DA:1,8
DA:2,8
DA:3,8
DA:4,8
DA:6,8
DA:8,8
DA:9,1
DA:10,1
DA:13,8
DA:14,2
DA:15,2
DA:17,1
DA:20,8
DA:21,1
DA:22,1
DA:23,1
DA:26,8
DA:27,2
DA:28,2
DA:30,1
DA:31,1
DA:32,1
DA:35,8
DA:36,2
DA:37,2
DA:39,1
DA:40,1
DA:42,8
LF:28
LH:28
BRDA:15,0,0,1
BRDA:15,0,1,1
BRDA:28,1,0,1
BRDA:28,1,1,1
BRDA:37,2,0,1
BRDA:37,2,1,1
BRF:6
BRH:6
end_of_record
TN:
SF:routes\order.js
FN:11,(anonymous_0)
FN:16,(anonymous_1)
FN:23,(anonymous_2)
FN:28,(anonymous_3)
FN:35,(anonymous_4)
FN:56,(anonymous_5)
FNF:6
FNH:6
FNDA:1,(anonymous_0)
FNDA:2,(anonymous_1)
FNDA:1,(anonymous_2)
FNDA:2,(anonymous_3)
FNDA:2,(anonymous_4)
FNDA:2,(anonymous_5)
DA:1,8
DA:2,8
DA:3,8
DA:4,8
DA:5,8
DA:6,8
DA:7,8
DA:9,8
DA:11,8
DA:12,1
DA:13,1
DA:16,8
DA:17,2
DA:18,2
DA:20,1
DA:23,8
DA:24,1
DA:25,1
DA:28,8
DA:29,2
DA:30,2
DA:32,2
DA:35,8
DA:37,2
DA:38,2
DA:39,2
DA:41,1
DA:42,2
DA:51,2
DA:53,1
DA:56,8
DA:57,2
DA:58,2
DA:60,1
DA:66,1
DA:67,1
DA:68,1
DA:71,8
LF:38
LH:38
BRDA:18,0,0,1
BRDA:18,0,1,1
BRDA:30,1,0,1
BRDA:30,1,1,1
BRDA:39,2,0,1
BRDA:39,2,1,1
BRDA:58,3,0,1
BRDA:58,3,1,1
BRF:8
BRH:8
end_of_record
TN:
SF:routes\product.js
FN:13,(anonymous_0)
FN:19,(anonymous_1)
FN:26,(anonymous_2)
FN:34,(anonymous_3)
FN:78,(anonymous_4)
FN:124,(anonymous_5)
FNF:6
FNH:6
FNDA:1,(anonymous_0)
FNDA:2,(anonymous_1)
FNDA:1,(anonymous_2)
FNDA:4,(anonymous_3)
FNDA:5,(anonymous_4)
FNDA:2,(anonymous_5)
DA:1,8
DA:2,8
DA:3,8
DA:4,8
DA:5,8
DA:6,8
DA:7,8
DA:8,8
DA:9,8
DA:11,8
DA:13,8
DA:14,1
DA:15,1
DA:16,1
DA:19,8
DA:20,2
DA:21,2
DA:23,1
DA:26,8
DA:27,1
DA:28,1
DA:31,8
DA:35,4
DA:36,4
DA:38,3
DA:39,3
DA:41,2
DA:42,2
DA:44,1
DA:70,1
DA:71,1
DA:75,8
DA:79,5
DA:80,5
DA:82,4
DA:83,4
DA:85,3
DA:86,3
DA:88,2
DA:89,2
DA:91,1
DA:120,1
DA:124,8
DA:125,2
DA:126,2
DA:128,1
DA:131,8
LF:47
LH:47
BRDA:21,0,0,1
BRDA:21,0,1,1
BRDA:36,1,0,1
BRDA:36,1,1,3
BRDA:39,2,0,1
BRDA:39,2,1,2
BRDA:42,3,0,1
BRDA:42,3,1,1
BRDA:80,4,0,1
BRDA:80,4,1,4
BRDA:83,5,0,1
BRDA:83,5,1,3
BRDA:86,6,0,1
BRDA:86,6,1,2
BRDA:89,7,0,1
BRDA:89,7,1,1
BRDA:126,8,0,1
BRDA:126,8,1,1
BRF:18
BRH:18
end_of_record
TN:
SF:routes\shipping.js
FN:7,(anonymous_0)
FN:12,(anonymous_1)
FN:19,(anonymous_2)
FN:25,(anonymous_3)
FN:34,(anonymous_4)
FNF:5
FNH:5
FNDA:1,(anonymous_0)
FNDA:2,(anonymous_1)
FNDA:1,(anonymous_2)
FNDA:2,(anonymous_3)
FNDA:2,(anonymous_4)
DA:1,8
DA:2,8
DA:3,8
DA:4,8
DA:5,8
DA:7,8
DA:8,1
DA:9,1
DA:12,8
DA:13,2
DA:14,2
DA:16,1
DA:19,8
DA:20,1
DA:21,1
DA:22,1
DA:25,8
DA:26,2
DA:27,2
DA:29,1
DA:30,1
DA:31,1
DA:34,8
DA:35,2
DA:36,2
DA:38,1
DA:39,1
DA:42,8
LF:28
LH:28
BRDA:14,0,0,1
BRDA:14,0,1,1
BRDA:27,1,0,1
BRDA:27,1,1,1
BRDA:36,2,0,1
BRDA:36,2,1,1
BRF:6
BRH:6
end_of_record
TN:
SF:routes\store.js
FN:11,(anonymous_0)
FN:16,(anonymous_1)
FN:26,(anonymous_2)
FN:56,(anonymous_3)
FN:63,(anonymous_4)
FN:76,(anonymous_5)
FN:103,(anonymous_6)
FNF:7
FNH:7
FNDA:1,(anonymous_0)
FNDA:2,(anonymous_1)
FNDA:2,(anonymous_2)
FNDA:2,(anonymous_3)
FNDA:2,(anonymous_4)
FNDA:3,(anonymous_5)
FNDA:2,(anonymous_6)
DA:1,8
DA:2,8
DA:3,8
DA:4,8
DA:5,8
DA:6,8
DA:7,8
DA:8,8
DA:9,8
DA:11,8
DA:12,1
DA:13,1
DA:16,8
DA:17,2
DA:18,2
DA:20,1
DA:23,8
DA:27,2
DA:28,2
DA:29,1
DA:30,1
DA:45,1
DA:46,1
DA:47,1
DA:48,1
DA:49,1
DA:56,8
DA:57,2
DA:58,2
DA:60,1
DA:63,8
DA:64,2
DA:65,2
DA:67,1
DA:68,1
DA:69,1
DA:70,1
DA:73,8
DA:77,3
DA:78,3
DA:80,1
DA:81,1
DA:82,1
DA:83,1
DA:99,1
DA:103,8
DA:104,2
DA:105,2
DA:107,1
DA:108,1
DA:111,8
LF:51
LH:51
BRDA:18,0,0,1
BRDA:18,0,1,1
BRDA:28,1,0,1
BRDA:28,1,1,1
BRDA:58,2,0,1
BRDA:58,2,1,1
BRDA:65,3,0,1
BRDA:65,3,1,1
BRDA:78,4,0,2
BRDA:78,4,1,1
BRDA:81,5,0,0
BRDA:81,5,1,1
BRDA:105,6,0,1
BRDA:105,6,1,1
BRF:14
BRH:13
end_of_record
TN:
SF:routes\testimonial.js
FN:9,(anonymous_0)
FN:14,(anonymous_1)
FN:21,(anonymous_2)
FN:38,(anonymous_3)
FNF:4
FNH:4
FNDA:1,(anonymous_0)
FNDA:2,(anonymous_1)
FNDA:2,(anonymous_2)
FNDA:2,(anonymous_3)
DA:1,8
DA:2,8
DA:3,8
DA:4,8
DA:5,8
DA:6,8
DA:7,8
DA:9,8
DA:10,1
DA:11,1
DA:14,8
DA:15,2
DA:16,2
DA:18,1
DA:21,8
DA:22,2
DA:23,2
DA:25,1
DA:34,1
DA:35,1
DA:38,8
DA:39,2
DA:40,2
DA:42,1
DA:43,1
DA:46,8
LF:26
LH:26
BRDA:16,0,0,1
BRDA:16,0,1,1
BRDA:23,1,0,1
BRDA:23,1,1,1
BRDA:40,2,0,1
BRDA:40,2,1,1
BRF:6
BRH:6
end_of_record
TN:
SF:routes\user.js
FN:12,(anonymous_0)
FN:17,(anonymous_1)
FN:25,(anonymous_2)
FN:30,(anonymous_3)
FN:40,(anonymous_4)
FN:44,(anonymous_5)
FN:67,(anonymous_6)
FN:88,(anonymous_7)
FNF:8
FNH:7
FNDA:1,(anonymous_0)
FNDA:2,(anonymous_1)
FNDA:1,(anonymous_2)
FNDA:3,(anonymous_3)
FNDA:0,(anonymous_4)
FNDA:2,(anonymous_5)
FNDA:2,(anonymous_6)
FNDA:2,(anonymous_7)
DA:1,8
DA:2,8
DA:3,8
DA:4,8
DA:5,8
DA:6,8
DA:7,8
DA:8,8
DA:9,8
DA:10,8
DA:12,8
DA:13,1
DA:14,1
DA:17,8
DA:18,2
DA:19,2
DA:21,1
DA:22,1
DA:25,8
DA:26,1
DA:27,1
DA:30,8
DA:31,3
DA:32,3
DA:34,2
DA:35,2
DA:37,1
DA:40,8
DA:41,0
DA:44,8
DA:45,2
DA:46,2
DA:48,1
DA:50,1
DA:55,1
DA:56,1
DA:57,1
DA:58,1
DA:64,8
DA:68,2
DA:69,2
DA:70,1
DA:71,1
DA:84,1
DA:88,8
DA:89,2
DA:90,2
DA:92,1
DA:93,1
DA:96,8
LF:50
LH:49
BRDA:19,0,0,1
BRDA:19,0,1,1
BRDA:32,1,0,1
BRDA:32,1,1,2
BRDA:35,2,0,1
BRDA:35,2,1,1
BRDA:46,3,0,1
BRDA:46,3,1,1
BRDA:69,4,0,1
BRDA:69,4,1,1
BRDA:75,5,0,1
BRDA:75,5,1,0
BRDA:76,6,0,1
BRDA:76,6,1,0
BRDA:77,7,0,0
BRDA:77,7,1,1
BRDA:78,8,0,0
BRDA:78,8,1,1
BRDA:79,9,0,0
BRDA:79,9,1,1
BRDA:90,10,0,1
BRDA:90,10,1,1
BRF:22
BRH:17
end_of_record
TN:
SF:routes\wishlist.js
FN:10,(anonymous_0)
FN:15,(anonymous_1)
FN:22,(anonymous_2)
FN:30,(anonymous_3)
FN:45,(anonymous_4)
FNF:5
FNH:5
FNDA:1,(anonymous_0)
FNDA:2,(anonymous_1)
FNDA:2,(anonymous_2)
FNDA:2,(anonymous_3)
FNDA:2,(anonymous_4)
DA:1,8
DA:2,8
DA:3,8
DA:4,8
DA:5,8
DA:6,8
DA:8,8
DA:10,8
DA:11,1
DA:12,1
DA:15,8
DA:16,2
DA:17,2
DA:19,1
DA:22,8
DA:23,2
DA:24,2
DA:25,1
DA:27,1
DA:30,8
DA:31,2
DA:32,2
DA:34,1
DA:41,1
DA:42,1
DA:45,8
DA:46,2
DA:47,2
DA:49,1
DA:50,1
DA:53,8
LF:31
LH:31
BRDA:17,0,0,1
BRDA:17,0,1,1
BRDA:24,1,0,1
BRDA:24,1,1,1
BRDA:32,2,0,1
BRDA:32,2,1,1
BRDA:47,3,0,1
BRDA:47,3,1,1
BRF:8
BRH:8
end_of_record
TN:
SF:services\mail.js
FN:3,(anonymous_0)
FN:19,(anonymous_1)
FNF:2
FNH:0
FNDA:0,(anonymous_0)
FNDA:0,(anonymous_1)
DA:1,8
DA:3,8
DA:4,0
DA:11,0
DA:19,0
DA:20,0
DA:21,0
LF:7
LH:2
BRDA:20,0,0,0
BRDA:20,0,1,0
BRF:2
BRH:0
end_of_record
